2020-03-31 18:46:59.291  INFO 19768 --- [main] p.g.joy.blog.JoyNoteApplicationTests     : Starting JoyNoteApplicationTests on DESKTOP-3HEVQ23 with PID 19768 (started by 1 in d:\zq\work-space\OwnDemoAndPractice\git-test\blog)
2020-03-31 18:46:59.292 DEBUG 19768 --- [main] p.g.joy.blog.JoyNoteApplicationTests     : Running with Spring Boot v2.2.4.RELEASE, Spring v5.2.3.RELEASE
2020-03-31 18:46:59.293  INFO 19768 --- [main] p.g.joy.blog.JoyNoteApplicationTests     : No active profile set, falling back to default profiles: default
2020-03-31 18:47:02.112  INFO 19768 --- [main] o.s.s.concurrent.ThreadPoolTaskExecutor  : Initializing ExecutorService 'applicationTaskExecutor'
2020-03-31 18:47:02.300  INFO 19768 --- [main] o.s.b.a.w.s.WelcomePageHandlerMapping    : Adding welcome page: class path resource [static/index.html]
2020-03-31 18:47:02.617  INFO 19768 --- [main] p.g.joy.blog.JoyNoteApplicationTests     : Started JoyNoteApplicationTests in 3.829 seconds (JVM running for 4.913)
2020-03-31 18:47:03.018  INFO 19768 --- [main] p.g.joy.blog.JoyNoteApplicationTests     : µ˜ ‘
2020-03-31 18:47:03.435  INFO 19768 --- [SpringContextShutdownHook] o.s.s.concurrent.ThreadPoolTaskExecutor  : Shutting down ExecutorService 'applicationTaskExecutor'
2020-03-31 18:47:38.314  INFO 21088 --- [restartedMain] p.geekjoker.joy.blog.JoyBlogApplication  : Starting JoyBlogApplication on DESKTOP-3HEVQ23 with PID 21088 (D:\zq\work-space\OwnDemoAndPractice\git-test\blog\target\classes started by 1 in D:\zq\work-space\OwnDemoAndPractice\git-test\blog)
2020-03-31 18:47:38.317 DEBUG 21088 --- [restartedMain] p.geekjoker.joy.blog.JoyBlogApplication  : Running with Spring Boot v2.2.4.RELEASE, Spring v5.2.3.RELEASE
2020-03-31 18:47:38.317  INFO 21088 --- [restartedMain] p.geekjoker.joy.blog.JoyBlogApplication  : No active profile set, falling back to default profiles: default
2020-03-31 18:47:38.420  INFO 21088 --- [restartedMain] .e.DevToolsPropertyDefaultsPostProcessor : Devtools property defaults active! Set 'spring.devtools.add-properties' to 'false' to disable
2020-03-31 18:47:38.421  INFO 21088 --- [restartedMain] .e.DevToolsPropertyDefaultsPostProcessor : For additional web related logging consider setting the 'logging.level.web' property to 'DEBUG'
2020-03-31 18:47:40.272  INFO 21088 --- [restartedMain] o.s.b.w.embedded.tomcat.TomcatWebServer  : Tomcat initialized with port(s): 8080 (http)
2020-03-31 18:47:40.284  INFO 21088 --- [restartedMain] o.apache.catalina.core.StandardService   : Starting service [Tomcat]
2020-03-31 18:47:40.285  INFO 21088 --- [restartedMain] org.apache.catalina.core.StandardEngine  : Starting Servlet engine: [Apache Tomcat/9.0.30]
2020-03-31 18:47:40.375  INFO 21088 --- [restartedMain] o.a.c.c.C.[Tomcat].[localhost].[/]       : Initializing Spring embedded WebApplicationContext
2020-03-31 18:47:40.376  INFO 21088 --- [restartedMain] o.s.web.context.ContextLoader            : Root WebApplicationContext: initialization completed in 1954 ms
2020-03-31 18:47:41.200  INFO 21088 --- [restartedMain] o.s.s.concurrent.ThreadPoolTaskExecutor  : Initializing ExecutorService 'applicationTaskExecutor'
2020-03-31 18:47:41.333  INFO 21088 --- [restartedMain] o.s.b.a.w.s.WelcomePageHandlerMapping    : Adding welcome page: class path resource [static/index.html]
2020-03-31 18:47:41.506  INFO 21088 --- [restartedMain] o.s.b.d.a.OptionalLiveReloadServer       : LiveReload server is running on port 35729
2020-03-31 18:47:41.568  INFO 21088 --- [restartedMain] o.s.b.w.embedded.tomcat.TomcatWebServer  : Tomcat started on port(s): 8080 (http) with context path ''
2020-03-31 18:47:41.613  INFO 21088 --- [restartedMain] p.geekjoker.joy.blog.JoyBlogApplication  : Started JoyBlogApplication in 3.853 seconds (JVM running for 4.539)
2020-03-31 18:47:49.686  INFO 21088 --- [http-nio-8080-exec-6] o.a.c.c.C.[Tomcat].[localhost].[/]       : Initializing Spring DispatcherServlet 'dispatcherServlet'
2020-03-31 18:47:49.688  INFO 21088 --- [http-nio-8080-exec-6] o.s.web.servlet.DispatcherServlet        : Initializing Servlet 'dispatcherServlet'
2020-03-31 18:47:49.703  INFO 21088 --- [http-nio-8080-exec-6] o.s.web.servlet.DispatcherServlet        : Completed initialization in 14 ms
2020-03-31 18:47:50.312  INFO 21088 --- [http-nio-8080-exec-10] com.zaxxer.hikari.HikariDataSource       : HikariPool-1 - Starting...
2020-03-31 18:47:51.559  INFO 21088 --- [http-nio-8080-exec-10] com.zaxxer.hikari.HikariDataSource       : HikariPool-1 - Start completed.
2020-03-31 18:47:51.569 DEBUG 21088 --- [http-nio-8080-exec-10] p.g.j.b.m.C.listClazzByUserId            : ==>  Preparing: select * from class where user_id=? 
2020-03-31 18:47:51.637 DEBUG 21088 --- [http-nio-8080-exec-10] p.g.j.b.m.C.listClazzByUserId            : ==> Parameters: 1(Long)
2020-03-31 18:47:51.711 DEBUG 21088 --- [http-nio-8080-exec-10] p.g.j.b.m.C.listClazzByUserId            : <==      Total: 2
2020-03-31 18:47:51.728 DEBUG 21088 --- [http-nio-8080-exec-10] p.g.j.blog.service.impl.ClazzSelectImpl  : listClazzByUserId() Êü•ËØ¢ÁöÑÁî®Êà∑id=1, ËøîÂõûÊï∞Èáè‰∏∫=2
2020-03-31 18:49:01.844 DEBUG 21088 --- [http-nio-8080-exec-6] p.g.j.b.m.C.listClazzByUserId            : ==>  Preparing: select * from class where user_id=? 
2020-03-31 18:49:01.847 DEBUG 21088 --- [http-nio-8080-exec-6] p.g.j.b.m.C.listClazzByUserId            : ==> Parameters: 1(Long)
2020-03-31 18:49:01.885 DEBUG 21088 --- [http-nio-8080-exec-6] p.g.j.b.m.C.listClazzByUserId            : <==      Total: 2
2020-03-31 18:49:01.887 DEBUG 21088 --- [http-nio-8080-exec-6] p.g.j.blog.service.impl.ClazzSelectImpl  : listClazzByUserId() Êü•ËØ¢ÁöÑÁî®Êà∑id=1, ËøîÂõûÊï∞Èáè‰∏∫=2
2020-03-31 18:49:05.609 DEBUG 21088 --- [http-nio-8080-exec-5] p.g.j.b.c.note.NoteInsertControl         : /note/insert note:Note(id=null, createTime=null, updateTime=null, title=ËæìÂÖ•Ê†áÈ¢ò here, content=

## markdown ËØ≠Ê≥ï
1. # Ê†áÈ¢ò `# Ê†áÈ¢ò`
2. **Âä†Á≤ó** `**Âä†Á≤ó**`
3. *Êñú‰Ωì* `*Êñú‰Ωì*`
3. ~Âà†Èô§Á∫ø~ `~Êñú‰Ωì~`
4. 1. ÂàóË°®** `1. ÂàóË°®`
4. - Êó†Â∫èÂàóË°®** `- ÂàóË°®`
---
**Âä†Á≤ó**

*Êñú‰Ωì*

[Ë∂ÖÈìæÊé•](http://baidu.com)
![ÂõæÁâá](https://www.baidu.com/img/bd_logo1.png)

 ~Âà†Èô§Á∫ø~
1. ÂàóË°®
2. ÂàóË°®2
- Êó†Â∫èÁöÑ
- Êó†Â∫è
 - Â≠êÂàóË°®
# Ê†áÈ¢ò
## Ê†áÈ¢ò2
### Ê†áÈ¢ò3
#### Ê†áÈ¢ò4
##### Ê†áÈ¢ò5
###### Ê†áÈ¢ò6

## ‰ΩøÁî®htmlÊù•Ê∏≤Êüì
<p><strong>Á≤ó‰Ωì</strong>
<strong style="color: red">Á≤ó‰Ωì</strong>
----

, favorite=null, userId=null, clazzId=null, profile=null, wasted=null)
2020-03-31 18:49:05.810 DEBUG 21088 --- [http-nio-8080-exec-5] p.g.j.b.m.NoteInsertMapper.noteInsert    : ==>  Preparing: insert into note (id, create_time, update_time, title, content, favorite, user_id, class_id,profile) values (?, ?, ?, ?, ?, ?, ?, ?,?) 
2020-03-31 18:49:05.813 DEBUG 21088 --- [http-nio-8080-exec-5] p.g.j.b.m.NoteInsertMapper.noteInsert    : ==> Parameters: null, 2020-03-31 18:49:05.773(Timestamp), 2020-03-31 18:49:05.773(Timestamp), ËæìÂÖ•Ê†áÈ¢ò here(String), 

## markdown ËØ≠Ê≥ï
1. # Ê†áÈ¢ò `# Ê†áÈ¢ò`
2. **Âä†Á≤ó** `**Âä†Á≤ó**`
3. *Êñú‰Ωì* `*Êñú‰Ωì*`
3. ~Âà†Èô§Á∫ø~ `~Êñú‰Ωì~`
4. 1. ÂàóË°®** `1. ÂàóË°®`
4. - Êó†Â∫èÂàóË°®** `- ÂàóË°®`
---
**Âä†Á≤ó**

*Êñú‰Ωì*

[Ë∂ÖÈìæÊé•](http://baidu.com)
![ÂõæÁâá](https://www.baidu.com/img/bd_logo1.png)

 ~Âà†Èô§Á∫ø~
1. ÂàóË°®
2. ÂàóË°®2
- Êó†Â∫èÁöÑ
- Êó†Â∫è
 - Â≠êÂàóË°®
# Ê†áÈ¢ò
## Ê†áÈ¢ò2
### Ê†áÈ¢ò3
#### Ê†áÈ¢ò4
##### Ê†áÈ¢ò5
###### Ê†áÈ¢ò6

## ‰ΩøÁî®htmlÊù•Ê∏≤Êüì
<p><strong>Á≤ó‰Ωì</strong>
<strong style="color: red">Á≤ó‰Ωì</strong>
----

(String), null, 1(Long), null, null
2020-03-31 18:49:05.895 DEBUG 21088 --- [http-nio-8080-exec-5] p.g.j.b.m.NoteInsertMapper.noteInsert    : <==    Updates: 1
2020-03-31 18:49:06.137 DEBUG 21088 --- [http-nio-8080-exec-3] p.g.j.b.m.NoteSelectMapper.listNote      : ==>  Preparing: select * from note 
2020-03-31 18:49:06.140 DEBUG 21088 --- [http-nio-8080-exec-3] p.g.j.b.m.NoteSelectMapper.listNote      : ==> Parameters: 
2020-03-31 18:49:06.231 DEBUG 21088 --- [http-nio-8080-exec-3] p.g.j.b.m.NoteSelectMapper.listNote      : <==      Total: 30
2020-03-31 18:49:06.271 DEBUG 21088 --- [http-nio-8080-exec-3] p.g.j.blog.service.impl.NoteSelectImpl   : NoteSelectImpl.listNote() Ëé∑ÂèñÁöÑÁ¨îËÆ∞‰∏™Êï∞: 30
2020-03-31 18:49:14.057 DEBUG 21088 --- [http-nio-8080-exec-7] p.g.j.b.m.C.listClazzByUserId            : ==>  Preparing: select * from class where user_id=? 
2020-03-31 18:49:14.059 DEBUG 21088 --- [http-nio-8080-exec-7] p.g.j.b.m.C.listClazzByUserId            : ==> Parameters: 1(Long)
2020-03-31 18:49:14.098 DEBUG 21088 --- [http-nio-8080-exec-7] p.g.j.b.m.C.listClazzByUserId            : <==      Total: 2
2020-03-31 18:49:14.132 DEBUG 21088 --- [http-nio-8080-exec-7] p.g.j.blog.service.impl.ClazzSelectImpl  : listClazzByUserId() Êü•ËØ¢ÁöÑÁî®Êà∑id=1, ËøîÂõûÊï∞Èáè‰∏∫=2
2020-03-31 18:50:30.112 DEBUG 21088 --- [http-nio-8080-exec-2] p.g.j.b.m.C.listClazzByUserId            : ==>  Preparing: select * from class where user_id=? 
2020-03-31 18:50:30.116 DEBUG 21088 --- [http-nio-8080-exec-2] p.g.j.b.m.C.listClazzByUserId            : ==> Parameters: 1(Long)
2020-03-31 18:50:30.152 DEBUG 21088 --- [http-nio-8080-exec-2] p.g.j.b.m.C.listClazzByUserId            : <==      Total: 2
2020-03-31 18:50:30.163 DEBUG 21088 --- [http-nio-8080-exec-2] p.g.j.blog.service.impl.ClazzSelectImpl  : listClazzByUserId() Êü•ËØ¢ÁöÑÁî®Êà∑id=1, ËøîÂõûÊï∞Èáè‰∏∫=2
2020-03-31 18:51:34.808 DEBUG 21088 --- [http-nio-8080-exec-7] p.g.j.b.m.C.listClazzByUserId            : ==>  Preparing: select * from class where user_id=? 
2020-03-31 18:51:34.812 DEBUG 21088 --- [http-nio-8080-exec-7] p.g.j.b.m.C.listClazzByUserId            : ==> Parameters: 1(Long)
2020-03-31 18:51:34.848 DEBUG 21088 --- [http-nio-8080-exec-7] p.g.j.b.m.C.listClazzByUserId            : <==      Total: 2
2020-03-31 18:51:34.862 DEBUG 21088 --- [http-nio-8080-exec-7] p.g.j.blog.service.impl.ClazzSelectImpl  : listClazzByUserId() Êü•ËØ¢ÁöÑÁî®Êà∑id=1, ËøîÂõûÊï∞Èáè‰∏∫=2
2020-03-31 18:51:50.613 DEBUG 21088 --- [http-nio-8080-exec-6] p.g.j.b.m.C.listClazzByUserId            : ==>  Preparing: select * from class where user_id=? 
2020-03-31 18:51:50.615 DEBUG 21088 --- [http-nio-8080-exec-6] p.g.j.b.m.C.listClazzByUserId            : ==> Parameters: 1(Long)
2020-03-31 18:51:50.655 DEBUG 21088 --- [http-nio-8080-exec-6] p.g.j.b.m.C.listClazzByUserId            : <==      Total: 2
2020-03-31 18:51:50.673 DEBUG 21088 --- [http-nio-8080-exec-6] p.g.j.blog.service.impl.ClazzSelectImpl  : listClazzByUserId() Êü•ËØ¢ÁöÑÁî®Êà∑id=1, ËøîÂõûÊï∞Èáè‰∏∫=2
2020-03-31 18:52:29.695 DEBUG 21088 --- [http-nio-8080-exec-7] p.g.j.b.m.C.listClazzByUserId            : ==>  Preparing: select * from class where user_id=? 
2020-03-31 18:52:29.697 DEBUG 21088 --- [http-nio-8080-exec-7] p.g.j.b.m.C.listClazzByUserId            : ==> Parameters: 1(Long)
2020-03-31 18:52:29.734 DEBUG 21088 --- [http-nio-8080-exec-7] p.g.j.b.m.C.listClazzByUserId            : <==      Total: 2
2020-03-31 18:52:29.749 DEBUG 21088 --- [http-nio-8080-exec-7] p.g.j.blog.service.impl.ClazzSelectImpl  : listClazzByUserId() Êü•ËØ¢ÁöÑÁî®Êà∑id=1, ËøîÂõûÊï∞Èáè‰∏∫=2
2020-03-31 18:52:53.886 DEBUG 21088 --- [http-nio-8080-exec-3] p.g.j.b.m.C.listClazzByUserId            : ==>  Preparing: select * from class where user_id=? 
2020-03-31 18:52:53.887 DEBUG 21088 --- [http-nio-8080-exec-3] p.g.j.b.m.C.listClazzByUserId            : ==> Parameters: 1(Long)
2020-03-31 18:52:53.934 DEBUG 21088 --- [http-nio-8080-exec-3] p.g.j.b.m.C.listClazzByUserId            : <==      Total: 2
2020-03-31 18:52:53.936 DEBUG 21088 --- [http-nio-8080-exec-3] p.g.j.blog.service.impl.ClazzSelectImpl  : listClazzByUserId() Êü•ËØ¢ÁöÑÁî®Êà∑id=1, ËøîÂõûÊï∞Èáè‰∏∫=2
2020-03-31 18:53:05.784 DEBUG 21088 --- [http-nio-8080-exec-6] p.g.j.b.m.C.listClazzByUserId            : ==>  Preparing: select * from class where user_id=? 
2020-03-31 18:53:05.785 DEBUG 21088 --- [http-nio-8080-exec-6] p.g.j.b.m.C.listClazzByUserId            : ==> Parameters: 1(Long)
2020-03-31 18:53:05.821 DEBUG 21088 --- [http-nio-8080-exec-6] p.g.j.b.m.C.listClazzByUserId            : <==      Total: 2
2020-03-31 18:53:05.833 DEBUG 21088 --- [http-nio-8080-exec-6] p.g.j.blog.service.impl.ClazzSelectImpl  : listClazzByUserId() Êü•ËØ¢ÁöÑÁî®Êà∑id=1, ËøîÂõûÊï∞Èáè‰∏∫=2
2020-03-31 18:53:55.922 DEBUG 21088 --- [http-nio-8080-exec-5] p.g.j.b.m.C.listClazzByUserId            : ==>  Preparing: select * from class where user_id=? 
2020-03-31 18:53:55.924 DEBUG 21088 --- [http-nio-8080-exec-5] p.g.j.b.m.C.listClazzByUserId            : ==> Parameters: 1(Long)
2020-03-31 18:53:55.971 DEBUG 21088 --- [http-nio-8080-exec-5] p.g.j.b.m.C.listClazzByUserId            : <==      Total: 2
2020-03-31 18:53:55.980 DEBUG 21088 --- [http-nio-8080-exec-5] p.g.j.blog.service.impl.ClazzSelectImpl  : listClazzByUserId() Êü•ËØ¢ÁöÑÁî®Êà∑id=1, ËøîÂõûÊï∞Èáè‰∏∫=2
2020-03-31 18:55:22.607 DEBUG 21088 --- [http-nio-8080-exec-1] p.g.j.b.m.C.listClazzByUserId            : ==>  Preparing: select * from class where user_id=? 
2020-03-31 18:55:22.608 DEBUG 21088 --- [http-nio-8080-exec-1] p.g.j.b.m.C.listClazzByUserId            : ==> Parameters: 1(Long)
2020-03-31 18:55:22.649 DEBUG 21088 --- [http-nio-8080-exec-1] p.g.j.b.m.C.listClazzByUserId            : <==      Total: 2
2020-03-31 18:55:22.671 DEBUG 21088 --- [http-nio-8080-exec-1] p.g.j.blog.service.impl.ClazzSelectImpl  : listClazzByUserId() Êü•ËØ¢ÁöÑÁî®Êà∑id=1, ËøîÂõûÊï∞Èáè‰∏∫=2
2020-03-31 18:55:57.375 DEBUG 21088 --- [http-nio-8080-exec-4] p.g.j.b.m.C.listClazzByUserId            : ==>  Preparing: select * from class where user_id=? 
2020-03-31 18:55:57.381 DEBUG 21088 --- [http-nio-8080-exec-4] p.g.j.b.m.C.listClazzByUserId            : ==> Parameters: 1(Long)
2020-03-31 18:55:57.421 DEBUG 21088 --- [http-nio-8080-exec-4] p.g.j.b.m.C.listClazzByUserId            : <==      Total: 2
2020-03-31 18:55:57.448 DEBUG 21088 --- [http-nio-8080-exec-4] p.g.j.blog.service.impl.ClazzSelectImpl  : listClazzByUserId() Êü•ËØ¢ÁöÑÁî®Êà∑id=1, ËøîÂõûÊï∞Èáè‰∏∫=2
2020-03-31 18:56:08.905 DEBUG 21088 --- [http-nio-8080-exec-2] p.g.j.b.m.C.listClazzByUserId            : ==>  Preparing: select * from class where user_id=? 
2020-03-31 18:56:08.906 DEBUG 21088 --- [http-nio-8080-exec-2] p.g.j.b.m.C.listClazzByUserId            : ==> Parameters: 1(Long)
2020-03-31 18:56:08.947 DEBUG 21088 --- [http-nio-8080-exec-2] p.g.j.b.m.C.listClazzByUserId            : <==      Total: 2
2020-03-31 18:56:08.954 DEBUG 21088 --- [http-nio-8080-exec-2] p.g.j.blog.service.impl.ClazzSelectImpl  : listClazzByUserId() Êü•ËØ¢ÁöÑÁî®Êà∑id=1, ËøîÂõûÊï∞Èáè‰∏∫=2
2020-03-31 18:59:04.988  INFO 21088 --- [Thread-6] o.s.s.concurrent.ThreadPoolTaskExecutor  : Shutting down ExecutorService 'applicationTaskExecutor'
2020-03-31 18:59:05.014  INFO 21088 --- [Thread-6] com.zaxxer.hikari.HikariDataSource       : HikariPool-1 - Shutdown initiated...
2020-03-31 18:59:05.030  INFO 21088 --- [Thread-6] com.zaxxer.hikari.HikariDataSource       : HikariPool-1 - Shutdown completed.
2020-03-31 18:59:05.520  INFO 21088 --- [restartedMain] p.geekjoker.joy.blog.JoyBlogApplication  : Starting JoyBlogApplication on DESKTOP-3HEVQ23 with PID 21088 (D:\zq\work-space\OwnDemoAndPractice\git-test\blog\target\classes started by 1 in D:\zq\work-space\OwnDemoAndPractice\git-test\blog)
2020-03-31 18:59:05.604 DEBUG 21088 --- [restartedMain] p.geekjoker.joy.blog.JoyBlogApplication  : Running with Spring Boot v2.2.4.RELEASE, Spring v5.2.3.RELEASE
2020-03-31 18:59:05.628  INFO 21088 --- [restartedMain] p.geekjoker.joy.blog.JoyBlogApplication  : No active profile set, falling back to default profiles: default
2020-03-31 18:59:06.284  INFO 21088 --- [restartedMain] o.s.b.w.embedded.tomcat.TomcatWebServer  : Tomcat initialized with port(s): 8080 (http)
2020-03-31 18:59:06.286  INFO 21088 --- [restartedMain] o.apache.catalina.core.StandardService   : Starting service [Tomcat]
2020-03-31 18:59:06.288  INFO 21088 --- [restartedMain] org.apache.catalina.core.StandardEngine  : Starting Servlet engine: [Apache Tomcat/9.0.30]
2020-03-31 18:59:06.333  INFO 21088 --- [restartedMain] o.a.c.c.C.[Tomcat].[localhost].[/]       : Initializing Spring embedded WebApplicationContext
2020-03-31 18:59:06.355  INFO 21088 --- [restartedMain] o.s.web.context.ContextLoader            : Root WebApplicationContext: initialization completed in 721 ms
2020-03-31 18:59:06.825  WARN 21088 --- [restartedMain] ConfigServletWebServerApplicationContext : Exception encountered during context initialization - cancelling refresh attempt: org.springframework.beans.factory.BeanCreationException: Error creating bean with name 'noteSelectControl' defined in file [D:\zq\work-space\OwnDemoAndPractice\git-test\blog\target\classes\priv\geekjoker\joy\blog\controller\note\NoteSelectControl.class]: Instantiation of bean failed; nested exception is org.springframework.beans.BeanInstantiationException: Failed to instantiate [priv.geekjoker.joy.blog.controller.note.NoteSelectControl]: Constructor threw exception; nested exception is java.lang.Error: Unresolved compilation problems: 
	The import priv.geekjoker.joy.blog.service.NoteSelect cannot be resolved
	The import priv.geekjoker.joy.blog.vo.Note cannot be resolved
	NoteSelect cannot be resolved to a type
	Note cannot be resolved to a type
	NoteSelect cannot be resolved to a type
	Note cannot be resolved to a type
	NoteSelect cannot be resolved to a type
	NoteSelect cannot be resolved to a type

2020-03-31 18:59:06.831  INFO 21088 --- [restartedMain] o.apache.catalina.core.StandardService   : Stopping service [Tomcat]
2020-03-31 18:59:06.891  INFO 21088 --- [restartedMain] ConditionEvaluationReportLoggingListener : 

Error starting ApplicationContext. To display the conditions report re-run your application with 'debug' enabled.
2020-03-31 18:59:06.929 ERROR 21088 --- [restartedMain] o.s.boot.SpringApplication               : Application run failed

org.springframework.beans.factory.BeanCreationException: Error creating bean with name 'noteSelectControl' defined in file [D:\zq\work-space\OwnDemoAndPractice\git-test\blog\target\classes\priv\geekjoker\joy\blog\controller\note\NoteSelectControl.class]: Instantiation of bean failed; nested exception is org.springframework.beans.BeanInstantiationException: Failed to instantiate [priv.geekjoker.joy.blog.controller.note.NoteSelectControl]: Constructor threw exception; nested exception is java.lang.Error: Unresolved compilation problems: 
	The import priv.geekjoker.joy.blog.service.NoteSelect cannot be resolved
	The import priv.geekjoker.joy.blog.vo.Note cannot be resolved
	NoteSelect cannot be resolved to a type
	Note cannot be resolved to a type
	NoteSelect cannot be resolved to a type
	Note cannot be resolved to a type
	NoteSelect cannot be resolved to a type
	NoteSelect cannot be resolved to a type

	at org.springframework.beans.factory.support.AbstractAutowireCapableBeanFactory.instantiateBean(AbstractAutowireCapableBeanFactory.java:1320) ~[spring-beans-5.2.3.RELEASE.jar:5.2.3.RELEASE]
	at org.springframework.beans.factory.support.AbstractAutowireCapableBeanFactory.createBeanInstance(AbstractAutowireCapableBeanFactory.java:1214) ~[spring-beans-5.2.3.RELEASE.jar:5.2.3.RELEASE]
	at org.springframework.beans.factory.support.AbstractAutowireCapableBeanFactory.doCreateBean(AbstractAutowireCapableBeanFactory.java:557) ~[spring-beans-5.2.3.RELEASE.jar:5.2.3.RELEASE]
	at org.springframework.beans.factory.support.AbstractAutowireCapableBeanFactory.createBean(AbstractAutowireCapableBeanFactory.java:517) ~[spring-beans-5.2.3.RELEASE.jar:5.2.3.RELEASE]
	at org.springframework.beans.factory.support.AbstractBeanFactory.lambda$doGetBean$0(AbstractBeanFactory.java:323) ~[spring-beans-5.2.3.RELEASE.jar:5.2.3.RELEASE]
	at org.springframework.beans.factory.support.DefaultSingletonBeanRegistry.getSingleton(DefaultSingletonBeanRegistry.java:222) ~[spring-beans-5.2.3.RELEASE.jar:5.2.3.RELEASE]
	at org.springframework.beans.factory.support.AbstractBeanFactory.doGetBean(AbstractBeanFactory.java:321) ~[spring-beans-5.2.3.RELEASE.jar:5.2.3.RELEASE]
	at org.springframework.beans.factory.support.AbstractBeanFactory.getBean(AbstractBeanFactory.java:202) ~[spring-beans-5.2.3.RELEASE.jar:5.2.3.RELEASE]
	at org.springframework.beans.factory.support.DefaultListableBeanFactory.preInstantiateSingletons(DefaultListableBeanFactory.java:879) ~[spring-beans-5.2.3.RELEASE.jar:5.2.3.RELEASE]
	at org.springframework.context.support.AbstractApplicationContext.finishBeanFactoryInitialization(AbstractApplicationContext.java:878) ~[spring-context-5.2.3.RELEASE.jar:5.2.3.RELEASE]
	at org.springframework.context.support.AbstractApplicationContext.refresh(AbstractApplicationContext.java:550) ~[spring-context-5.2.3.RELEASE.jar:5.2.3.RELEASE]
	at org.springframework.boot.web.servlet.context.ServletWebServerApplicationContext.refresh(ServletWebServerApplicationContext.java:141) ~[spring-boot-2.2.4.RELEASE.jar:2.2.4.RELEASE]
	at org.springframework.boot.SpringApplication.refresh(SpringApplication.java:747) [spring-boot-2.2.4.RELEASE.jar:2.2.4.RELEASE]
	at org.springframework.boot.SpringApplication.refreshContext(SpringApplication.java:397) [spring-boot-2.2.4.RELEASE.jar:2.2.4.RELEASE]
	at org.springframework.boot.SpringApplication.run(SpringApplication.java:315) [spring-boot-2.2.4.RELEASE.jar:2.2.4.RELEASE]
	at org.springframework.boot.SpringApplication.run(SpringApplication.java:1226) [spring-boot-2.2.4.RELEASE.jar:2.2.4.RELEASE]
	at org.springframework.boot.SpringApplication.run(SpringApplication.java:1215) [spring-boot-2.2.4.RELEASE.jar:2.2.4.RELEASE]
	at priv.geekjoker.joy.blog.JoyBlogApplication.main(JoyBlogApplication.java:17) [classes/:na]
	at sun.reflect.NativeMethodAccessorImpl.invoke0(Native Method) ~[na:1.8.0_161]
	at sun.reflect.NativeMethodAccessorImpl.invoke(NativeMethodAccessorImpl.java:62) ~[na:1.8.0_161]
	at sun.reflect.DelegatingMethodAccessorImpl.invoke(DelegatingMethodAccessorImpl.java:43) ~[na:1.8.0_161]
	at java.lang.reflect.Method.invoke(Method.java:498) ~[na:1.8.0_161]
	at org.springframework.boot.devtools.restart.RestartLauncher.run(RestartLauncher.java:49) [spring-boot-devtools-2.2.4.RELEASE.jar:2.2.4.RELEASE]
Caused by: org.springframework.beans.BeanInstantiationException: Failed to instantiate [priv.geekjoker.joy.blog.controller.note.NoteSelectControl]: Constructor threw exception; nested exception is java.lang.Error: Unresolved compilation problems: 
	The import priv.geekjoker.joy.blog.service.NoteSelect cannot be resolved
	The import priv.geekjoker.joy.blog.vo.Note cannot be resolved
	NoteSelect cannot be resolved to a type
	Note cannot be resolved to a type
	NoteSelect cannot be resolved to a type
	Note cannot be resolved to a type
	NoteSelect cannot be resolved to a type
	NoteSelect cannot be resolved to a type

	at org.springframework.beans.BeanUtils.instantiateClass(BeanUtils.java:216) ~[spring-beans-5.2.3.RELEASE.jar:5.2.3.RELEASE]
	at org.springframework.beans.factory.support.SimpleInstantiationStrategy.instantiate(SimpleInstantiationStrategy.java:87) ~[spring-beans-5.2.3.RELEASE.jar:5.2.3.RELEASE]
	at org.springframework.beans.factory.support.AbstractAutowireCapableBeanFactory.instantiateBean(AbstractAutowireCapableBeanFactory.java:1312) ~[spring-beans-5.2.3.RELEASE.jar:5.2.3.RELEASE]
	... 22 common frames omitted
Caused by: java.lang.Error: Unresolved compilation problems: 
	The import priv.geekjoker.joy.blog.service.NoteSelect cannot be resolved
	The import priv.geekjoker.joy.blog.vo.Note cannot be resolved
	NoteSelect cannot be resolved to a type
	Note cannot be resolved to a type
	NoteSelect cannot be resolved to a type
	Note cannot be resolved to a type
	NoteSelect cannot be resolved to a type
	NoteSelect cannot be resolved to a type

	at priv.geekjoker.joy.blog.controller.note.NoteSelectControl.<init>(NoteSelectControl.java:11) ~[classes/:na]
	at sun.reflect.NativeConstructorAccessorImpl.newInstance0(Native Method) ~[na:1.8.0_161]
	at sun.reflect.NativeConstructorAccessorImpl.newInstance(NativeConstructorAccessorImpl.java:62) ~[na:1.8.0_161]
	at sun.reflect.DelegatingConstructorAccessorImpl.newInstance(DelegatingConstructorAccessorImpl.java:45) ~[na:1.8.0_161]
	at java.lang.reflect.Constructor.newInstance(Constructor.java:423) ~[na:1.8.0_161]
	at org.springframework.beans.BeanUtils.instantiateClass(BeanUtils.java:203) ~[spring-beans-5.2.3.RELEASE.jar:5.2.3.RELEASE]
	... 24 common frames omitted

2020-03-31 18:59:39.917  INFO 21088 --- [restartedMain] p.geekjoker.joy.blog.JoyBlogApplication  : Starting JoyBlogApplication on DESKTOP-3HEVQ23 with PID 21088 (D:\zq\work-space\OwnDemoAndPractice\git-test\blog\target\classes started by 1 in D:\zq\work-space\OwnDemoAndPractice\git-test\blog)
2020-03-31 18:59:39.948 DEBUG 21088 --- [restartedMain] p.geekjoker.joy.blog.JoyBlogApplication  : Running with Spring Boot v2.2.4.RELEASE, Spring v5.2.3.RELEASE
2020-03-31 18:59:39.987  INFO 21088 --- [restartedMain] p.geekjoker.joy.blog.JoyBlogApplication  : No active profile set, falling back to default profiles: default
2020-03-31 18:59:40.543  INFO 21088 --- [restartedMain] o.s.b.w.embedded.tomcat.TomcatWebServer  : Tomcat initialized with port(s): 8080 (http)
2020-03-31 18:59:40.547  INFO 21088 --- [restartedMain] o.apache.catalina.core.StandardService   : Starting service [Tomcat]
2020-03-31 18:59:40.549  INFO 21088 --- [restartedMain] org.apache.catalina.core.StandardEngine  : Starting Servlet engine: [Apache Tomcat/9.0.30]
2020-03-31 18:59:40.567  INFO 21088 --- [restartedMain] o.a.c.c.C.[Tomcat-1].[localhost].[/]     : Initializing Spring embedded WebApplicationContext
2020-03-31 18:59:40.622  INFO 21088 --- [restartedMain] o.s.web.context.ContextLoader            : Root WebApplicationContext: initialization completed in 615 ms
2020-03-31 18:59:40.871  WARN 21088 --- [restartedMain] ConfigServletWebServerApplicationContext : Exception encountered during context initialization - cancelling refresh attempt: org.springframework.beans.factory.BeanCreationException: Error creating bean with name 'noteSelectControl' defined in file [D:\zq\work-space\OwnDemoAndPractice\git-test\blog\target\classes\priv\geekjoker\joy\blog\controller\note\NoteSelectControl.class]: Instantiation of bean failed; nested exception is org.springframework.beans.BeanInstantiationException: Failed to instantiate [priv.geekjoker.joy.blog.controller.note.NoteSelectControl]: Constructor threw exception; nested exception is java.lang.Error: Unresolved compilation problems: 
	The import priv.geekjoker.joy.blog.service.NoteSelect cannot be resolved
	The import priv.geekjoker.joy.blog.vo.Note cannot be resolved
	NoteSelect cannot be resolved to a type
	Note cannot be resolved to a type
	NoteSelect cannot be resolved to a type
	Note cannot be resolved to a type
	NoteSelect cannot be resolved to a type
	NoteSelect cannot be resolved to a type

2020-03-31 18:59:41.046  INFO 21088 --- [restartedMain] o.apache.catalina.core.StandardService   : Stopping service [Tomcat]
2020-03-31 18:59:41.074  INFO 21088 --- [restartedMain] ConditionEvaluationReportLoggingListener : 

Error starting ApplicationContext. To display the conditions report re-run your application with 'debug' enabled.
2020-03-31 18:59:41.174 ERROR 21088 --- [restartedMain] o.s.boot.SpringApplication               : Application run failed

org.springframework.beans.factory.BeanCreationException: Error creating bean with name 'noteSelectControl' defined in file [D:\zq\work-space\OwnDemoAndPractice\git-test\blog\target\classes\priv\geekjoker\joy\blog\controller\note\NoteSelectControl.class]: Instantiation of bean failed; nested exception is org.springframework.beans.BeanInstantiationException: Failed to instantiate [priv.geekjoker.joy.blog.controller.note.NoteSelectControl]: Constructor threw exception; nested exception is java.lang.Error: Unresolved compilation problems: 
	The import priv.geekjoker.joy.blog.service.NoteSelect cannot be resolved
	The import priv.geekjoker.joy.blog.vo.Note cannot be resolved
	NoteSelect cannot be resolved to a type
	Note cannot be resolved to a type
	NoteSelect cannot be resolved to a type
	Note cannot be resolved to a type
	NoteSelect cannot be resolved to a type
	NoteSelect cannot be resolved to a type

	at org.springframework.beans.factory.support.AbstractAutowireCapableBeanFactory.instantiateBean(AbstractAutowireCapableBeanFactory.java:1320) ~[spring-beans-5.2.3.RELEASE.jar:5.2.3.RELEASE]
	at org.springframework.beans.factory.support.AbstractAutowireCapableBeanFactory.createBeanInstance(AbstractAutowireCapableBeanFactory.java:1214) ~[spring-beans-5.2.3.RELEASE.jar:5.2.3.RELEASE]
	at org.springframework.beans.factory.support.AbstractAutowireCapableBeanFactory.doCreateBean(AbstractAutowireCapableBeanFactory.java:557) ~[spring-beans-5.2.3.RELEASE.jar:5.2.3.RELEASE]
	at org.springframework.beans.factory.support.AbstractAutowireCapableBeanFactory.createBean(AbstractAutowireCapableBeanFactory.java:517) ~[spring-beans-5.2.3.RELEASE.jar:5.2.3.RELEASE]
	at org.springframework.beans.factory.support.AbstractBeanFactory.lambda$doGetBean$0(AbstractBeanFactory.java:323) ~[spring-beans-5.2.3.RELEASE.jar:5.2.3.RELEASE]
	at org.springframework.beans.factory.support.DefaultSingletonBeanRegistry.getSingleton(DefaultSingletonBeanRegistry.java:222) ~[spring-beans-5.2.3.RELEASE.jar:5.2.3.RELEASE]
	at org.springframework.beans.factory.support.AbstractBeanFactory.doGetBean(AbstractBeanFactory.java:321) ~[spring-beans-5.2.3.RELEASE.jar:5.2.3.RELEASE]
	at org.springframework.beans.factory.support.AbstractBeanFactory.getBean(AbstractBeanFactory.java:202) ~[spring-beans-5.2.3.RELEASE.jar:5.2.3.RELEASE]
	at org.springframework.beans.factory.support.DefaultListableBeanFactory.preInstantiateSingletons(DefaultListableBeanFactory.java:879) ~[spring-beans-5.2.3.RELEASE.jar:5.2.3.RELEASE]
	at org.springframework.context.support.AbstractApplicationContext.finishBeanFactoryInitialization(AbstractApplicationContext.java:878) ~[spring-context-5.2.3.RELEASE.jar:5.2.3.RELEASE]
	at org.springframework.context.support.AbstractApplicationContext.refresh(AbstractApplicationContext.java:550) ~[spring-context-5.2.3.RELEASE.jar:5.2.3.RELEASE]
	at org.springframework.boot.web.servlet.context.ServletWebServerApplicationContext.refresh(ServletWebServerApplicationContext.java:141) ~[spring-boot-2.2.4.RELEASE.jar:2.2.4.RELEASE]
	at org.springframework.boot.SpringApplication.refresh(SpringApplication.java:747) [spring-boot-2.2.4.RELEASE.jar:2.2.4.RELEASE]
	at org.springframework.boot.SpringApplication.refreshContext(SpringApplication.java:397) [spring-boot-2.2.4.RELEASE.jar:2.2.4.RELEASE]
	at org.springframework.boot.SpringApplication.run(SpringApplication.java:315) [spring-boot-2.2.4.RELEASE.jar:2.2.4.RELEASE]
	at org.springframework.boot.SpringApplication.run(SpringApplication.java:1226) [spring-boot-2.2.4.RELEASE.jar:2.2.4.RELEASE]
	at org.springframework.boot.SpringApplication.run(SpringApplication.java:1215) [spring-boot-2.2.4.RELEASE.jar:2.2.4.RELEASE]
	at priv.geekjoker.joy.blog.JoyBlogApplication.main(JoyBlogApplication.java:17) [classes/:na]
	at sun.reflect.NativeMethodAccessorImpl.invoke0(Native Method) ~[na:1.8.0_161]
	at sun.reflect.NativeMethodAccessorImpl.invoke(NativeMethodAccessorImpl.java:62) ~[na:1.8.0_161]
	at sun.reflect.DelegatingMethodAccessorImpl.invoke(DelegatingMethodAccessorImpl.java:43) ~[na:1.8.0_161]
	at java.lang.reflect.Method.invoke(Method.java:498) ~[na:1.8.0_161]
	at org.springframework.boot.devtools.restart.RestartLauncher.run(RestartLauncher.java:49) [spring-boot-devtools-2.2.4.RELEASE.jar:2.2.4.RELEASE]
Caused by: org.springframework.beans.BeanInstantiationException: Failed to instantiate [priv.geekjoker.joy.blog.controller.note.NoteSelectControl]: Constructor threw exception; nested exception is java.lang.Error: Unresolved compilation problems: 
	The import priv.geekjoker.joy.blog.service.NoteSelect cannot be resolved
	The import priv.geekjoker.joy.blog.vo.Note cannot be resolved
	NoteSelect cannot be resolved to a type
	Note cannot be resolved to a type
	NoteSelect cannot be resolved to a type
	Note cannot be resolved to a type
	NoteSelect cannot be resolved to a type
	NoteSelect cannot be resolved to a type

	at org.springframework.beans.BeanUtils.instantiateClass(BeanUtils.java:216) ~[spring-beans-5.2.3.RELEASE.jar:5.2.3.RELEASE]
	at org.springframework.beans.factory.support.SimpleInstantiationStrategy.instantiate(SimpleInstantiationStrategy.java:87) ~[spring-beans-5.2.3.RELEASE.jar:5.2.3.RELEASE]
	at org.springframework.beans.factory.support.AbstractAutowireCapableBeanFactory.instantiateBean(AbstractAutowireCapableBeanFactory.java:1312) ~[spring-beans-5.2.3.RELEASE.jar:5.2.3.RELEASE]
	... 22 common frames omitted
Caused by: java.lang.Error: Unresolved compilation problems: 
	The import priv.geekjoker.joy.blog.service.NoteSelect cannot be resolved
	The import priv.geekjoker.joy.blog.vo.Note cannot be resolved
	NoteSelect cannot be resolved to a type
	Note cannot be resolved to a type
	NoteSelect cannot be resolved to a type
	Note cannot be resolved to a type
	NoteSelect cannot be resolved to a type
	NoteSelect cannot be resolved to a type

	at priv.geekjoker.joy.blog.controller.note.NoteSelectControl.<init>(NoteSelectControl.java:11) ~[classes/:na]
	at sun.reflect.NativeConstructorAccessorImpl.newInstance0(Native Method) ~[na:1.8.0_161]
	at sun.reflect.NativeConstructorAccessorImpl.newInstance(NativeConstructorAccessorImpl.java:62) ~[na:1.8.0_161]
	at sun.reflect.DelegatingConstructorAccessorImpl.newInstance(DelegatingConstructorAccessorImpl.java:45) ~[na:1.8.0_161]
	at java.lang.reflect.Constructor.newInstance(Constructor.java:423) ~[na:1.8.0_161]
	at org.springframework.beans.BeanUtils.instantiateClass(BeanUtils.java:203) ~[spring-beans-5.2.3.RELEASE.jar:5.2.3.RELEASE]
	... 24 common frames omitted

2020-03-31 18:59:45.031  INFO 21088 --- [restartedMain] p.geekjoker.joy.blog.JoyBlogApplication  : Starting JoyBlogApplication on DESKTOP-3HEVQ23 with PID 21088 (D:\zq\work-space\OwnDemoAndPractice\git-test\blog\target\classes started by 1 in D:\zq\work-space\OwnDemoAndPractice\git-test\blog)
2020-03-31 18:59:45.051 DEBUG 21088 --- [restartedMain] p.geekjoker.joy.blog.JoyBlogApplication  : Running with Spring Boot v2.2.4.RELEASE, Spring v5.2.3.RELEASE
2020-03-31 18:59:45.053  INFO 21088 --- [restartedMain] p.geekjoker.joy.blog.JoyBlogApplication  : No active profile set, falling back to default profiles: default
2020-03-31 18:59:46.074  INFO 21088 --- [restartedMain] o.s.b.w.embedded.tomcat.TomcatWebServer  : Tomcat initialized with port(s): 8080 (http)
2020-03-31 18:59:46.094  INFO 21088 --- [restartedMain] o.apache.catalina.core.StandardService   : Starting service [Tomcat]
2020-03-31 18:59:46.100  INFO 21088 --- [restartedMain] org.apache.catalina.core.StandardEngine  : Starting Servlet engine: [Apache Tomcat/9.0.30]
2020-03-31 18:59:46.339  INFO 21088 --- [restartedMain] o.a.c.c.C.[Tomcat-2].[localhost].[/]     : Initializing Spring embedded WebApplicationContext
2020-03-31 18:59:46.466  INFO 21088 --- [restartedMain] o.s.web.context.ContextLoader            : Root WebApplicationContext: initialization completed in 1403 ms
2020-03-31 18:59:46.964  WARN 21088 --- [restartedMain] ConfigServletWebServerApplicationContext : Exception encountered during context initialization - cancelling refresh attempt: org.springframework.beans.factory.BeanCreationException: Error creating bean with name 'noteSelectControl' defined in file [D:\zq\work-space\OwnDemoAndPractice\git-test\blog\target\classes\priv\geekjoker\joy\blog\controller\note\NoteSelectControl.class]: Instantiation of bean failed; nested exception is org.springframework.beans.BeanInstantiationException: Failed to instantiate [priv.geekjoker.joy.blog.controller.note.NoteSelectControl]: Constructor threw exception; nested exception is java.lang.Error: Unresolved compilation problems: 
	The import priv.geekjoker.joy.blog.service.NoteSelect cannot be resolved
	The import priv.geekjoker.joy.blog.vo.Note cannot be resolved
	NoteSelect cannot be resolved to a type
	Note cannot be resolved to a type
	NoteSelect cannot be resolved to a type
	Note cannot be resolved to a type
	NoteSelect cannot be resolved to a type
	NoteSelect cannot be resolved to a type
	NoteSelect cannot be resolved to a type

2020-03-31 18:59:47.028  INFO 21088 --- [restartedMain] o.apache.catalina.core.StandardService   : Stopping service [Tomcat]
2020-03-31 18:59:47.069  INFO 21088 --- [restartedMain] ConditionEvaluationReportLoggingListener : 

Error starting ApplicationContext. To display the conditions report re-run your application with 'debug' enabled.
2020-03-31 18:59:47.178 ERROR 21088 --- [restartedMain] o.s.boot.SpringApplication               : Application run failed

org.springframework.beans.factory.BeanCreationException: Error creating bean with name 'noteSelectControl' defined in file [D:\zq\work-space\OwnDemoAndPractice\git-test\blog\target\classes\priv\geekjoker\joy\blog\controller\note\NoteSelectControl.class]: Instantiation of bean failed; nested exception is org.springframework.beans.BeanInstantiationException: Failed to instantiate [priv.geekjoker.joy.blog.controller.note.NoteSelectControl]: Constructor threw exception; nested exception is java.lang.Error: Unresolved compilation problems: 
	The import priv.geekjoker.joy.blog.service.NoteSelect cannot be resolved
	The import priv.geekjoker.joy.blog.vo.Note cannot be resolved
	NoteSelect cannot be resolved to a type
	Note cannot be resolved to a type
	NoteSelect cannot be resolved to a type
	Note cannot be resolved to a type
	NoteSelect cannot be resolved to a type
	NoteSelect cannot be resolved to a type
	NoteSelect cannot be resolved to a type

	at org.springframework.beans.factory.support.AbstractAutowireCapableBeanFactory.instantiateBean(AbstractAutowireCapableBeanFactory.java:1320) ~[spring-beans-5.2.3.RELEASE.jar:5.2.3.RELEASE]
	at org.springframework.beans.factory.support.AbstractAutowireCapableBeanFactory.createBeanInstance(AbstractAutowireCapableBeanFactory.java:1214) ~[spring-beans-5.2.3.RELEASE.jar:5.2.3.RELEASE]
	at org.springframework.beans.factory.support.AbstractAutowireCapableBeanFactory.doCreateBean(AbstractAutowireCapableBeanFactory.java:557) ~[spring-beans-5.2.3.RELEASE.jar:5.2.3.RELEASE]
	at org.springframework.beans.factory.support.AbstractAutowireCapableBeanFactory.createBean(AbstractAutowireCapableBeanFactory.java:517) ~[spring-beans-5.2.3.RELEASE.jar:5.2.3.RELEASE]
	at org.springframework.beans.factory.support.AbstractBeanFactory.lambda$doGetBean$0(AbstractBeanFactory.java:323) ~[spring-beans-5.2.3.RELEASE.jar:5.2.3.RELEASE]
	at org.springframework.beans.factory.support.DefaultSingletonBeanRegistry.getSingleton(DefaultSingletonBeanRegistry.java:222) ~[spring-beans-5.2.3.RELEASE.jar:5.2.3.RELEASE]
	at org.springframework.beans.factory.support.AbstractBeanFactory.doGetBean(AbstractBeanFactory.java:321) ~[spring-beans-5.2.3.RELEASE.jar:5.2.3.RELEASE]
	at org.springframework.beans.factory.support.AbstractBeanFactory.getBean(AbstractBeanFactory.java:202) ~[spring-beans-5.2.3.RELEASE.jar:5.2.3.RELEASE]
	at org.springframework.beans.factory.support.DefaultListableBeanFactory.preInstantiateSingletons(DefaultListableBeanFactory.java:879) ~[spring-beans-5.2.3.RELEASE.jar:5.2.3.RELEASE]
	at org.springframework.context.support.AbstractApplicationContext.finishBeanFactoryInitialization(AbstractApplicationContext.java:878) ~[spring-context-5.2.3.RELEASE.jar:5.2.3.RELEASE]
	at org.springframework.context.support.AbstractApplicationContext.refresh(AbstractApplicationContext.java:550) ~[spring-context-5.2.3.RELEASE.jar:5.2.3.RELEASE]
	at org.springframework.boot.web.servlet.context.ServletWebServerApplicationContext.refresh(ServletWebServerApplicationContext.java:141) ~[spring-boot-2.2.4.RELEASE.jar:2.2.4.RELEASE]
	at org.springframework.boot.SpringApplication.refresh(SpringApplication.java:747) [spring-boot-2.2.4.RELEASE.jar:2.2.4.RELEASE]
	at org.springframework.boot.SpringApplication.refreshContext(SpringApplication.java:397) [spring-boot-2.2.4.RELEASE.jar:2.2.4.RELEASE]
	at org.springframework.boot.SpringApplication.run(SpringApplication.java:315) [spring-boot-2.2.4.RELEASE.jar:2.2.4.RELEASE]
	at org.springframework.boot.SpringApplication.run(SpringApplication.java:1226) [spring-boot-2.2.4.RELEASE.jar:2.2.4.RELEASE]
	at org.springframework.boot.SpringApplication.run(SpringApplication.java:1215) [spring-boot-2.2.4.RELEASE.jar:2.2.4.RELEASE]
	at priv.geekjoker.joy.blog.JoyBlogApplication.main(JoyBlogApplication.java:17) [classes/:na]
	at sun.reflect.NativeMethodAccessorImpl.invoke0(Native Method) ~[na:1.8.0_161]
	at sun.reflect.NativeMethodAccessorImpl.invoke(NativeMethodAccessorImpl.java:62) ~[na:1.8.0_161]
	at sun.reflect.DelegatingMethodAccessorImpl.invoke(DelegatingMethodAccessorImpl.java:43) ~[na:1.8.0_161]
	at java.lang.reflect.Method.invoke(Method.java:498) ~[na:1.8.0_161]
	at org.springframework.boot.devtools.restart.RestartLauncher.run(RestartLauncher.java:49) [spring-boot-devtools-2.2.4.RELEASE.jar:2.2.4.RELEASE]
Caused by: org.springframework.beans.BeanInstantiationException: Failed to instantiate [priv.geekjoker.joy.blog.controller.note.NoteSelectControl]: Constructor threw exception; nested exception is java.lang.Error: Unresolved compilation problems: 
	The import priv.geekjoker.joy.blog.service.NoteSelect cannot be resolved
	The import priv.geekjoker.joy.blog.vo.Note cannot be resolved
	NoteSelect cannot be resolved to a type
	Note cannot be resolved to a type
	NoteSelect cannot be resolved to a type
	Note cannot be resolved to a type
	NoteSelect cannot be resolved to a type
	NoteSelect cannot be resolved to a type
	NoteSelect cannot be resolved to a type

	at org.springframework.beans.BeanUtils.instantiateClass(BeanUtils.java:216) ~[spring-beans-5.2.3.RELEASE.jar:5.2.3.RELEASE]
	at org.springframework.beans.factory.support.SimpleInstantiationStrategy.instantiate(SimpleInstantiationStrategy.java:87) ~[spring-beans-5.2.3.RELEASE.jar:5.2.3.RELEASE]
	at org.springframework.beans.factory.support.AbstractAutowireCapableBeanFactory.instantiateBean(AbstractAutowireCapableBeanFactory.java:1312) ~[spring-beans-5.2.3.RELEASE.jar:5.2.3.RELEASE]
	... 22 common frames omitted
Caused by: java.lang.Error: Unresolved compilation problems: 
	The import priv.geekjoker.joy.blog.service.NoteSelect cannot be resolved
	The import priv.geekjoker.joy.blog.vo.Note cannot be resolved
	NoteSelect cannot be resolved to a type
	Note cannot be resolved to a type
	NoteSelect cannot be resolved to a type
	Note cannot be resolved to a type
	NoteSelect cannot be resolved to a type
	NoteSelect cannot be resolved to a type
	NoteSelect cannot be resolved to a type

	at priv.geekjoker.joy.blog.controller.note.NoteSelectControl.<init>(NoteSelectControl.java:11) ~[classes/:na]
	at sun.reflect.NativeConstructorAccessorImpl.newInstance0(Native Method) ~[na:1.8.0_161]
	at sun.reflect.NativeConstructorAccessorImpl.newInstance(NativeConstructorAccessorImpl.java:62) ~[na:1.8.0_161]
	at sun.reflect.DelegatingConstructorAccessorImpl.newInstance(DelegatingConstructorAccessorImpl.java:45) ~[na:1.8.0_161]
	at java.lang.reflect.Constructor.newInstance(Constructor.java:423) ~[na:1.8.0_161]
	at org.springframework.beans.BeanUtils.instantiateClass(BeanUtils.java:203) ~[spring-beans-5.2.3.RELEASE.jar:5.2.3.RELEASE]
	... 24 common frames omitted

2020-03-31 18:59:59.038  INFO 21088 --- [restartedMain] p.geekjoker.joy.blog.JoyBlogApplication  : Starting JoyBlogApplication on DESKTOP-3HEVQ23 with PID 21088 (D:\zq\work-space\OwnDemoAndPractice\git-test\blog\target\classes started by 1 in D:\zq\work-space\OwnDemoAndPractice\git-test\blog)
2020-03-31 18:59:59.085 DEBUG 21088 --- [restartedMain] p.geekjoker.joy.blog.JoyBlogApplication  : Running with Spring Boot v2.2.4.RELEASE, Spring v5.2.3.RELEASE
2020-03-31 18:59:59.085  INFO 21088 --- [restartedMain] p.geekjoker.joy.blog.JoyBlogApplication  : No active profile set, falling back to default profiles: default
2020-03-31 18:59:59.654  INFO 21088 --- [restartedMain] o.s.b.w.embedded.tomcat.TomcatWebServer  : Tomcat initialized with port(s): 8080 (http)
2020-03-31 18:59:59.658  INFO 21088 --- [restartedMain] o.apache.catalina.core.StandardService   : Starting service [Tomcat]
2020-03-31 18:59:59.659  INFO 21088 --- [restartedMain] org.apache.catalina.core.StandardEngine  : Starting Servlet engine: [Apache Tomcat/9.0.30]
2020-03-31 18:59:59.668  INFO 21088 --- [restartedMain] o.a.c.c.C.[Tomcat-3].[localhost].[/]     : Initializing Spring embedded WebApplicationContext
2020-03-31 18:59:59.668  INFO 21088 --- [restartedMain] o.s.web.context.ContextLoader            : Root WebApplicationContext: initialization completed in 575 ms
2020-03-31 18:59:59.907  WARN 21088 --- [restartedMain] ConfigServletWebServerApplicationContext : Exception encountered during context initialization - cancelling refresh attempt: org.springframework.beans.factory.BeanCreationException: Error creating bean with name 'noteSelectControl' defined in file [D:\zq\work-space\OwnDemoAndPractice\git-test\blog\target\classes\priv\geekjoker\joy\blog\controller\note\NoteSelectControl.class]: Instantiation of bean failed; nested exception is org.springframework.beans.BeanInstantiationException: Failed to instantiate [priv.geekjoker.joy.blog.controller.note.NoteSelectControl]: Constructor threw exception; nested exception is java.lang.Error: Unresolved compilation problems: 
	The import priv.geekjoker.joy.blog.service.NoteSelect cannot be resolved
	The import priv.geekjoker.joy.blog.vo.Note cannot be resolved
	NoteSelect cannot be resolved to a type
	Note cannot be resolved to a type
	NoteSelect cannot be resolved to a type
	Note cannot be resolved to a type
	NoteSelect cannot be resolved to a type
	NoteSelect cannot be resolved to a type
	NoteSelect cannot be resolved to a type

2020-03-31 19:00:00.399  INFO 21088 --- [restartedMain] o.apache.catalina.core.StandardService   : Stopping service [Tomcat]
2020-03-31 19:00:00.476  INFO 21088 --- [restartedMain] ConditionEvaluationReportLoggingListener : 

Error starting ApplicationContext. To display the conditions report re-run your application with 'debug' enabled.
2020-03-31 19:00:00.511 ERROR 21088 --- [restartedMain] o.s.boot.SpringApplication               : Application run failed

org.springframework.beans.factory.BeanCreationException: Error creating bean with name 'noteSelectControl' defined in file [D:\zq\work-space\OwnDemoAndPractice\git-test\blog\target\classes\priv\geekjoker\joy\blog\controller\note\NoteSelectControl.class]: Instantiation of bean failed; nested exception is org.springframework.beans.BeanInstantiationException: Failed to instantiate [priv.geekjoker.joy.blog.controller.note.NoteSelectControl]: Constructor threw exception; nested exception is java.lang.Error: Unresolved compilation problems: 
	The import priv.geekjoker.joy.blog.service.NoteSelect cannot be resolved
	The import priv.geekjoker.joy.blog.vo.Note cannot be resolved
	NoteSelect cannot be resolved to a type
	Note cannot be resolved to a type
	NoteSelect cannot be resolved to a type
	Note cannot be resolved to a type
	NoteSelect cannot be resolved to a type
	NoteSelect cannot be resolved to a type
	NoteSelect cannot be resolved to a type

	at org.springframework.beans.factory.support.AbstractAutowireCapableBeanFactory.instantiateBean(AbstractAutowireCapableBeanFactory.java:1320) ~[spring-beans-5.2.3.RELEASE.jar:5.2.3.RELEASE]
	at org.springframework.beans.factory.support.AbstractAutowireCapableBeanFactory.createBeanInstance(AbstractAutowireCapableBeanFactory.java:1214) ~[spring-beans-5.2.3.RELEASE.jar:5.2.3.RELEASE]
	at org.springframework.beans.factory.support.AbstractAutowireCapableBeanFactory.doCreateBean(AbstractAutowireCapableBeanFactory.java:557) ~[spring-beans-5.2.3.RELEASE.jar:5.2.3.RELEASE]
	at org.springframework.beans.factory.support.AbstractAutowireCapableBeanFactory.createBean(AbstractAutowireCapableBeanFactory.java:517) ~[spring-beans-5.2.3.RELEASE.jar:5.2.3.RELEASE]
	at org.springframework.beans.factory.support.AbstractBeanFactory.lambda$doGetBean$0(AbstractBeanFactory.java:323) ~[spring-beans-5.2.3.RELEASE.jar:5.2.3.RELEASE]
	at org.springframework.beans.factory.support.DefaultSingletonBeanRegistry.getSingleton(DefaultSingletonBeanRegistry.java:222) ~[spring-beans-5.2.3.RELEASE.jar:5.2.3.RELEASE]
	at org.springframework.beans.factory.support.AbstractBeanFactory.doGetBean(AbstractBeanFactory.java:321) ~[spring-beans-5.2.3.RELEASE.jar:5.2.3.RELEASE]
	at org.springframework.beans.factory.support.AbstractBeanFactory.getBean(AbstractBeanFactory.java:202) ~[spring-beans-5.2.3.RELEASE.jar:5.2.3.RELEASE]
	at org.springframework.beans.factory.support.DefaultListableBeanFactory.preInstantiateSingletons(DefaultListableBeanFactory.java:879) ~[spring-beans-5.2.3.RELEASE.jar:5.2.3.RELEASE]
	at org.springframework.context.support.AbstractApplicationContext.finishBeanFactoryInitialization(AbstractApplicationContext.java:878) ~[spring-context-5.2.3.RELEASE.jar:5.2.3.RELEASE]
	at org.springframework.context.support.AbstractApplicationContext.refresh(AbstractApplicationContext.java:550) ~[spring-context-5.2.3.RELEASE.jar:5.2.3.RELEASE]
	at org.springframework.boot.web.servlet.context.ServletWebServerApplicationContext.refresh(ServletWebServerApplicationContext.java:141) ~[spring-boot-2.2.4.RELEASE.jar:2.2.4.RELEASE]
	at org.springframework.boot.SpringApplication.refresh(SpringApplication.java:747) [spring-boot-2.2.4.RELEASE.jar:2.2.4.RELEASE]
	at org.springframework.boot.SpringApplication.refreshContext(SpringApplication.java:397) [spring-boot-2.2.4.RELEASE.jar:2.2.4.RELEASE]
	at org.springframework.boot.SpringApplication.run(SpringApplication.java:315) [spring-boot-2.2.4.RELEASE.jar:2.2.4.RELEASE]
	at org.springframework.boot.SpringApplication.run(SpringApplication.java:1226) [spring-boot-2.2.4.RELEASE.jar:2.2.4.RELEASE]
	at org.springframework.boot.SpringApplication.run(SpringApplication.java:1215) [spring-boot-2.2.4.RELEASE.jar:2.2.4.RELEASE]
	at priv.geekjoker.joy.blog.JoyBlogApplication.main(JoyBlogApplication.java:17) [classes/:na]
	at sun.reflect.NativeMethodAccessorImpl.invoke0(Native Method) ~[na:1.8.0_161]
	at sun.reflect.NativeMethodAccessorImpl.invoke(NativeMethodAccessorImpl.java:62) ~[na:1.8.0_161]
	at sun.reflect.DelegatingMethodAccessorImpl.invoke(DelegatingMethodAccessorImpl.java:43) ~[na:1.8.0_161]
	at java.lang.reflect.Method.invoke(Method.java:498) ~[na:1.8.0_161]
	at org.springframework.boot.devtools.restart.RestartLauncher.run(RestartLauncher.java:49) [spring-boot-devtools-2.2.4.RELEASE.jar:2.2.4.RELEASE]
Caused by: org.springframework.beans.BeanInstantiationException: Failed to instantiate [priv.geekjoker.joy.blog.controller.note.NoteSelectControl]: Constructor threw exception; nested exception is java.lang.Error: Unresolved compilation problems: 
	The import priv.geekjoker.joy.blog.service.NoteSelect cannot be resolved
	The import priv.geekjoker.joy.blog.vo.Note cannot be resolved
	NoteSelect cannot be resolved to a type
	Note cannot be resolved to a type
	NoteSelect cannot be resolved to a type
	Note cannot be resolved to a type
	NoteSelect cannot be resolved to a type
	NoteSelect cannot be resolved to a type
	NoteSelect cannot be resolved to a type

	at org.springframework.beans.BeanUtils.instantiateClass(BeanUtils.java:216) ~[spring-beans-5.2.3.RELEASE.jar:5.2.3.RELEASE]
	at org.springframework.beans.factory.support.SimpleInstantiationStrategy.instantiate(SimpleInstantiationStrategy.java:87) ~[spring-beans-5.2.3.RELEASE.jar:5.2.3.RELEASE]
	at org.springframework.beans.factory.support.AbstractAutowireCapableBeanFactory.instantiateBean(AbstractAutowireCapableBeanFactory.java:1312) ~[spring-beans-5.2.3.RELEASE.jar:5.2.3.RELEASE]
	... 22 common frames omitted
Caused by: java.lang.Error: Unresolved compilation problems: 
	The import priv.geekjoker.joy.blog.service.NoteSelect cannot be resolved
	The import priv.geekjoker.joy.blog.vo.Note cannot be resolved
	NoteSelect cannot be resolved to a type
	Note cannot be resolved to a type
	NoteSelect cannot be resolved to a type
	Note cannot be resolved to a type
	NoteSelect cannot be resolved to a type
	NoteSelect cannot be resolved to a type
	NoteSelect cannot be resolved to a type

	at priv.geekjoker.joy.blog.controller.note.NoteSelectControl.<init>(NoteSelectControl.java:11) ~[classes/:na]
	at sun.reflect.NativeConstructorAccessorImpl.newInstance0(Native Method) ~[na:1.8.0_161]
	at sun.reflect.NativeConstructorAccessorImpl.newInstance(NativeConstructorAccessorImpl.java:62) ~[na:1.8.0_161]
	at sun.reflect.DelegatingConstructorAccessorImpl.newInstance(DelegatingConstructorAccessorImpl.java:45) ~[na:1.8.0_161]
	at java.lang.reflect.Constructor.newInstance(Constructor.java:423) ~[na:1.8.0_161]
	at org.springframework.beans.BeanUtils.instantiateClass(BeanUtils.java:203) ~[spring-beans-5.2.3.RELEASE.jar:5.2.3.RELEASE]
	... 24 common frames omitted

2020-03-31 19:00:20.764  INFO 21088 --- [restartedMain] p.geekjoker.joy.blog.JoyBlogApplication  : Starting JoyBlogApplication on DESKTOP-3HEVQ23 with PID 21088 (D:\zq\work-space\OwnDemoAndPractice\git-test\blog\target\classes started by 1 in D:\zq\work-space\OwnDemoAndPractice\git-test\blog)
2020-03-31 19:00:20.788 DEBUG 21088 --- [restartedMain] p.geekjoker.joy.blog.JoyBlogApplication  : Running with Spring Boot v2.2.4.RELEASE, Spring v5.2.3.RELEASE
2020-03-31 19:00:20.789  INFO 21088 --- [restartedMain] p.geekjoker.joy.blog.JoyBlogApplication  : No active profile set, falling back to default profiles: default
2020-03-31 19:00:21.330  INFO 21088 --- [restartedMain] o.s.b.w.embedded.tomcat.TomcatWebServer  : Tomcat initialized with port(s): 8080 (http)
2020-03-31 19:00:21.332  INFO 21088 --- [restartedMain] o.apache.catalina.core.StandardService   : Starting service [Tomcat]
2020-03-31 19:00:21.333  INFO 21088 --- [restartedMain] org.apache.catalina.core.StandardEngine  : Starting Servlet engine: [Apache Tomcat/9.0.30]
2020-03-31 19:00:21.368  INFO 21088 --- [restartedMain] o.a.c.c.C.[Tomcat-4].[localhost].[/]     : Initializing Spring embedded WebApplicationContext
2020-03-31 19:00:21.398  INFO 21088 --- [restartedMain] o.s.web.context.ContextLoader            : Root WebApplicationContext: initialization completed in 605 ms
2020-03-31 19:00:21.568  WARN 21088 --- [restartedMain] ConfigServletWebServerApplicationContext : Exception encountered during context initialization - cancelling refresh attempt: org.springframework.beans.factory.BeanCreationException: Error creating bean with name 'noteSelectControl' defined in file [D:\zq\work-space\OwnDemoAndPractice\git-test\blog\target\classes\priv\geekjoker\joy\blog\controller\note\NoteSelectControl.class]: Instantiation of bean failed; nested exception is org.springframework.beans.BeanInstantiationException: Failed to instantiate [priv.geekjoker.joy.blog.controller.note.NoteSelectControl]: Constructor threw exception; nested exception is java.lang.Error: Unresolved compilation problems: 
	The import priv.geekjoker.joy.blog.service.NoteSelect cannot be resolved
	The import priv.geekjoker.joy.blog.vo.Note cannot be resolved
	NoteSelect cannot be resolved to a type
	Note cannot be resolved to a type
	NoteSelect cannot be resolved to a type
	Note cannot be resolved to a type
	NoteSelect cannot be resolved to a type
	NoteSelect cannot be resolved to a type
	userId cannot be resolved to a variable
	NoteSelect cannot be resolved to a type

2020-03-31 19:00:21.572  INFO 21088 --- [restartedMain] o.apache.catalina.core.StandardService   : Stopping service [Tomcat]
2020-03-31 19:00:21.603  INFO 21088 --- [restartedMain] ConditionEvaluationReportLoggingListener : 

Error starting ApplicationContext. To display the conditions report re-run your application with 'debug' enabled.
2020-03-31 19:00:21.674 ERROR 21088 --- [restartedMain] o.s.boot.SpringApplication               : Application run failed

org.springframework.beans.factory.BeanCreationException: Error creating bean with name 'noteSelectControl' defined in file [D:\zq\work-space\OwnDemoAndPractice\git-test\blog\target\classes\priv\geekjoker\joy\blog\controller\note\NoteSelectControl.class]: Instantiation of bean failed; nested exception is org.springframework.beans.BeanInstantiationException: Failed to instantiate [priv.geekjoker.joy.blog.controller.note.NoteSelectControl]: Constructor threw exception; nested exception is java.lang.Error: Unresolved compilation problems: 
	The import priv.geekjoker.joy.blog.service.NoteSelect cannot be resolved
	The import priv.geekjoker.joy.blog.vo.Note cannot be resolved
	NoteSelect cannot be resolved to a type
	Note cannot be resolved to a type
	NoteSelect cannot be resolved to a type
	Note cannot be resolved to a type
	NoteSelect cannot be resolved to a type
	NoteSelect cannot be resolved to a type
	userId cannot be resolved to a variable
	NoteSelect cannot be resolved to a type

	at org.springframework.beans.factory.support.AbstractAutowireCapableBeanFactory.instantiateBean(AbstractAutowireCapableBeanFactory.java:1320) ~[spring-beans-5.2.3.RELEASE.jar:5.2.3.RELEASE]
	at org.springframework.beans.factory.support.AbstractAutowireCapableBeanFactory.createBeanInstance(AbstractAutowireCapableBeanFactory.java:1214) ~[spring-beans-5.2.3.RELEASE.jar:5.2.3.RELEASE]
	at org.springframework.beans.factory.support.AbstractAutowireCapableBeanFactory.doCreateBean(AbstractAutowireCapableBeanFactory.java:557) ~[spring-beans-5.2.3.RELEASE.jar:5.2.3.RELEASE]
	at org.springframework.beans.factory.support.AbstractAutowireCapableBeanFactory.createBean(AbstractAutowireCapableBeanFactory.java:517) ~[spring-beans-5.2.3.RELEASE.jar:5.2.3.RELEASE]
	at org.springframework.beans.factory.support.AbstractBeanFactory.lambda$doGetBean$0(AbstractBeanFactory.java:323) ~[spring-beans-5.2.3.RELEASE.jar:5.2.3.RELEASE]
	at org.springframework.beans.factory.support.DefaultSingletonBeanRegistry.getSingleton(DefaultSingletonBeanRegistry.java:222) ~[spring-beans-5.2.3.RELEASE.jar:5.2.3.RELEASE]
	at org.springframework.beans.factory.support.AbstractBeanFactory.doGetBean(AbstractBeanFactory.java:321) ~[spring-beans-5.2.3.RELEASE.jar:5.2.3.RELEASE]
	at org.springframework.beans.factory.support.AbstractBeanFactory.getBean(AbstractBeanFactory.java:202) ~[spring-beans-5.2.3.RELEASE.jar:5.2.3.RELEASE]
	at org.springframework.beans.factory.support.DefaultListableBeanFactory.preInstantiateSingletons(DefaultListableBeanFactory.java:879) ~[spring-beans-5.2.3.RELEASE.jar:5.2.3.RELEASE]
	at org.springframework.context.support.AbstractApplicationContext.finishBeanFactoryInitialization(AbstractApplicationContext.java:878) ~[spring-context-5.2.3.RELEASE.jar:5.2.3.RELEASE]
	at org.springframework.context.support.AbstractApplicationContext.refresh(AbstractApplicationContext.java:550) ~[spring-context-5.2.3.RELEASE.jar:5.2.3.RELEASE]
	at org.springframework.boot.web.servlet.context.ServletWebServerApplicationContext.refresh(ServletWebServerApplicationContext.java:141) ~[spring-boot-2.2.4.RELEASE.jar:2.2.4.RELEASE]
	at org.springframework.boot.SpringApplication.refresh(SpringApplication.java:747) [spring-boot-2.2.4.RELEASE.jar:2.2.4.RELEASE]
	at org.springframework.boot.SpringApplication.refreshContext(SpringApplication.java:397) [spring-boot-2.2.4.RELEASE.jar:2.2.4.RELEASE]
	at org.springframework.boot.SpringApplication.run(SpringApplication.java:315) [spring-boot-2.2.4.RELEASE.jar:2.2.4.RELEASE]
	at org.springframework.boot.SpringApplication.run(SpringApplication.java:1226) [spring-boot-2.2.4.RELEASE.jar:2.2.4.RELEASE]
	at org.springframework.boot.SpringApplication.run(SpringApplication.java:1215) [spring-boot-2.2.4.RELEASE.jar:2.2.4.RELEASE]
	at priv.geekjoker.joy.blog.JoyBlogApplication.main(JoyBlogApplication.java:17) [classes/:na]
	at sun.reflect.NativeMethodAccessorImpl.invoke0(Native Method) ~[na:1.8.0_161]
	at sun.reflect.NativeMethodAccessorImpl.invoke(NativeMethodAccessorImpl.java:62) ~[na:1.8.0_161]
	at sun.reflect.DelegatingMethodAccessorImpl.invoke(DelegatingMethodAccessorImpl.java:43) ~[na:1.8.0_161]
	at java.lang.reflect.Method.invoke(Method.java:498) ~[na:1.8.0_161]
	at org.springframework.boot.devtools.restart.RestartLauncher.run(RestartLauncher.java:49) [spring-boot-devtools-2.2.4.RELEASE.jar:2.2.4.RELEASE]
Caused by: org.springframework.beans.BeanInstantiationException: Failed to instantiate [priv.geekjoker.joy.blog.controller.note.NoteSelectControl]: Constructor threw exception; nested exception is java.lang.Error: Unresolved compilation problems: 
	The import priv.geekjoker.joy.blog.service.NoteSelect cannot be resolved
	The import priv.geekjoker.joy.blog.vo.Note cannot be resolved
	NoteSelect cannot be resolved to a type
	Note cannot be resolved to a type
	NoteSelect cannot be resolved to a type
	Note cannot be resolved to a type
	NoteSelect cannot be resolved to a type
	NoteSelect cannot be resolved to a type
	userId cannot be resolved to a variable
	NoteSelect cannot be resolved to a type

	at org.springframework.beans.BeanUtils.instantiateClass(BeanUtils.java:216) ~[spring-beans-5.2.3.RELEASE.jar:5.2.3.RELEASE]
	at org.springframework.beans.factory.support.SimpleInstantiationStrategy.instantiate(SimpleInstantiationStrategy.java:87) ~[spring-beans-5.2.3.RELEASE.jar:5.2.3.RELEASE]
	at org.springframework.beans.factory.support.AbstractAutowireCapableBeanFactory.instantiateBean(AbstractAutowireCapableBeanFactory.java:1312) ~[spring-beans-5.2.3.RELEASE.jar:5.2.3.RELEASE]
	... 22 common frames omitted
Caused by: java.lang.Error: Unresolved compilation problems: 
	The import priv.geekjoker.joy.blog.service.NoteSelect cannot be resolved
	The import priv.geekjoker.joy.blog.vo.Note cannot be resolved
	NoteSelect cannot be resolved to a type
	Note cannot be resolved to a type
	NoteSelect cannot be resolved to a type
	Note cannot be resolved to a type
	NoteSelect cannot be resolved to a type
	NoteSelect cannot be resolved to a type
	userId cannot be resolved to a variable
	NoteSelect cannot be resolved to a type

	at priv.geekjoker.joy.blog.controller.note.NoteSelectControl.<init>(NoteSelectControl.java:11) ~[classes/:na]
	at sun.reflect.NativeConstructorAccessorImpl.newInstance0(Native Method) ~[na:1.8.0_161]
	at sun.reflect.NativeConstructorAccessorImpl.newInstance(NativeConstructorAccessorImpl.java:62) ~[na:1.8.0_161]
	at sun.reflect.DelegatingConstructorAccessorImpl.newInstance(DelegatingConstructorAccessorImpl.java:45) ~[na:1.8.0_161]
	at java.lang.reflect.Constructor.newInstance(Constructor.java:423) ~[na:1.8.0_161]
	at org.springframework.beans.BeanUtils.instantiateClass(BeanUtils.java:203) ~[spring-beans-5.2.3.RELEASE.jar:5.2.3.RELEASE]
	... 24 common frames omitted

2020-03-31 19:00:30.884  INFO 21088 --- [restartedMain] p.geekjoker.joy.blog.JoyBlogApplication  : Starting JoyBlogApplication on DESKTOP-3HEVQ23 with PID 21088 (D:\zq\work-space\OwnDemoAndPractice\git-test\blog\target\classes started by 1 in D:\zq\work-space\OwnDemoAndPractice\git-test\blog)
2020-03-31 19:00:30.885 DEBUG 21088 --- [restartedMain] p.geekjoker.joy.blog.JoyBlogApplication  : Running with Spring Boot v2.2.4.RELEASE, Spring v5.2.3.RELEASE
2020-03-31 19:00:30.885  INFO 21088 --- [restartedMain] p.geekjoker.joy.blog.JoyBlogApplication  : No active profile set, falling back to default profiles: default
2020-03-31 19:00:31.434  INFO 21088 --- [restartedMain] o.s.b.w.embedded.tomcat.TomcatWebServer  : Tomcat initialized with port(s): 8080 (http)
2020-03-31 19:00:31.465  INFO 21088 --- [restartedMain] o.apache.catalina.core.StandardService   : Starting service [Tomcat]
2020-03-31 19:00:31.495  INFO 21088 --- [restartedMain] org.apache.catalina.core.StandardEngine  : Starting Servlet engine: [Apache Tomcat/9.0.30]
2020-03-31 19:00:31.531  INFO 21088 --- [restartedMain] o.a.c.c.C.[Tomcat-5].[localhost].[/]     : Initializing Spring embedded WebApplicationContext
2020-03-31 19:00:31.532  INFO 21088 --- [restartedMain] o.s.web.context.ContextLoader            : Root WebApplicationContext: initialization completed in 643 ms
2020-03-31 19:00:31.845  WARN 21088 --- [restartedMain] ConfigServletWebServerApplicationContext : Exception encountered during context initialization - cancelling refresh attempt: org.springframework.beans.factory.BeanCreationException: Error creating bean with name 'noteSelectControl' defined in file [D:\zq\work-space\OwnDemoAndPractice\git-test\blog\target\classes\priv\geekjoker\joy\blog\controller\note\NoteSelectControl.class]: Instantiation of bean failed; nested exception is org.springframework.beans.BeanInstantiationException: Failed to instantiate [priv.geekjoker.joy.blog.controller.note.NoteSelectControl]: Constructor threw exception; nested exception is java.lang.Error: Unresolved compilation problems: 
	The import priv.geekjoker.joy.blog.service.NoteSelect cannot be resolved
	The import priv.geekjoker.joy.blog.vo.Note cannot be resolved
	NoteSelect cannot be resolved to a type
	Note cannot be resolved to a type
	NoteSelect cannot be resolved to a type
	Note cannot be resolved to a type
	NoteSelect cannot be resolved to a type
	NoteSelect cannot be resolved to a type
	NoteSelect cannot be resolved to a type

2020-03-31 19:00:31.848  INFO 21088 --- [restartedMain] o.apache.catalina.core.StandardService   : Stopping service [Tomcat]
2020-03-31 19:00:31.859  INFO 21088 --- [restartedMain] ConditionEvaluationReportLoggingListener : 

Error starting ApplicationContext. To display the conditions report re-run your application with 'debug' enabled.
2020-03-31 19:00:31.910 ERROR 21088 --- [restartedMain] o.s.boot.SpringApplication               : Application run failed

org.springframework.beans.factory.BeanCreationException: Error creating bean with name 'noteSelectControl' defined in file [D:\zq\work-space\OwnDemoAndPractice\git-test\blog\target\classes\priv\geekjoker\joy\blog\controller\note\NoteSelectControl.class]: Instantiation of bean failed; nested exception is org.springframework.beans.BeanInstantiationException: Failed to instantiate [priv.geekjoker.joy.blog.controller.note.NoteSelectControl]: Constructor threw exception; nested exception is java.lang.Error: Unresolved compilation problems: 
	The import priv.geekjoker.joy.blog.service.NoteSelect cannot be resolved
	The import priv.geekjoker.joy.blog.vo.Note cannot be resolved
	NoteSelect cannot be resolved to a type
	Note cannot be resolved to a type
	NoteSelect cannot be resolved to a type
	Note cannot be resolved to a type
	NoteSelect cannot be resolved to a type
	NoteSelect cannot be resolved to a type
	NoteSelect cannot be resolved to a type

	at org.springframework.beans.factory.support.AbstractAutowireCapableBeanFactory.instantiateBean(AbstractAutowireCapableBeanFactory.java:1320) ~[spring-beans-5.2.3.RELEASE.jar:5.2.3.RELEASE]
	at org.springframework.beans.factory.support.AbstractAutowireCapableBeanFactory.createBeanInstance(AbstractAutowireCapableBeanFactory.java:1214) ~[spring-beans-5.2.3.RELEASE.jar:5.2.3.RELEASE]
	at org.springframework.beans.factory.support.AbstractAutowireCapableBeanFactory.doCreateBean(AbstractAutowireCapableBeanFactory.java:557) ~[spring-beans-5.2.3.RELEASE.jar:5.2.3.RELEASE]
	at org.springframework.beans.factory.support.AbstractAutowireCapableBeanFactory.createBean(AbstractAutowireCapableBeanFactory.java:517) ~[spring-beans-5.2.3.RELEASE.jar:5.2.3.RELEASE]
	at org.springframework.beans.factory.support.AbstractBeanFactory.lambda$doGetBean$0(AbstractBeanFactory.java:323) ~[spring-beans-5.2.3.RELEASE.jar:5.2.3.RELEASE]
	at org.springframework.beans.factory.support.DefaultSingletonBeanRegistry.getSingleton(DefaultSingletonBeanRegistry.java:222) ~[spring-beans-5.2.3.RELEASE.jar:5.2.3.RELEASE]
	at org.springframework.beans.factory.support.AbstractBeanFactory.doGetBean(AbstractBeanFactory.java:321) ~[spring-beans-5.2.3.RELEASE.jar:5.2.3.RELEASE]
	at org.springframework.beans.factory.support.AbstractBeanFactory.getBean(AbstractBeanFactory.java:202) ~[spring-beans-5.2.3.RELEASE.jar:5.2.3.RELEASE]
	at org.springframework.beans.factory.support.DefaultListableBeanFactory.preInstantiateSingletons(DefaultListableBeanFactory.java:879) ~[spring-beans-5.2.3.RELEASE.jar:5.2.3.RELEASE]
	at org.springframework.context.support.AbstractApplicationContext.finishBeanFactoryInitialization(AbstractApplicationContext.java:878) ~[spring-context-5.2.3.RELEASE.jar:5.2.3.RELEASE]
	at org.springframework.context.support.AbstractApplicationContext.refresh(AbstractApplicationContext.java:550) ~[spring-context-5.2.3.RELEASE.jar:5.2.3.RELEASE]
	at org.springframework.boot.web.servlet.context.ServletWebServerApplicationContext.refresh(ServletWebServerApplicationContext.java:141) ~[spring-boot-2.2.4.RELEASE.jar:2.2.4.RELEASE]
	at org.springframework.boot.SpringApplication.refresh(SpringApplication.java:747) [spring-boot-2.2.4.RELEASE.jar:2.2.4.RELEASE]
	at org.springframework.boot.SpringApplication.refreshContext(SpringApplication.java:397) [spring-boot-2.2.4.RELEASE.jar:2.2.4.RELEASE]
	at org.springframework.boot.SpringApplication.run(SpringApplication.java:315) [spring-boot-2.2.4.RELEASE.jar:2.2.4.RELEASE]
	at org.springframework.boot.SpringApplication.run(SpringApplication.java:1226) [spring-boot-2.2.4.RELEASE.jar:2.2.4.RELEASE]
	at org.springframework.boot.SpringApplication.run(SpringApplication.java:1215) [spring-boot-2.2.4.RELEASE.jar:2.2.4.RELEASE]
	at priv.geekjoker.joy.blog.JoyBlogApplication.main(JoyBlogApplication.java:17) [classes/:na]
	at sun.reflect.NativeMethodAccessorImpl.invoke0(Native Method) ~[na:1.8.0_161]
	at sun.reflect.NativeMethodAccessorImpl.invoke(NativeMethodAccessorImpl.java:62) ~[na:1.8.0_161]
	at sun.reflect.DelegatingMethodAccessorImpl.invoke(DelegatingMethodAccessorImpl.java:43) ~[na:1.8.0_161]
	at java.lang.reflect.Method.invoke(Method.java:498) ~[na:1.8.0_161]
	at org.springframework.boot.devtools.restart.RestartLauncher.run(RestartLauncher.java:49) [spring-boot-devtools-2.2.4.RELEASE.jar:2.2.4.RELEASE]
Caused by: org.springframework.beans.BeanInstantiationException: Failed to instantiate [priv.geekjoker.joy.blog.controller.note.NoteSelectControl]: Constructor threw exception; nested exception is java.lang.Error: Unresolved compilation problems: 
	The import priv.geekjoker.joy.blog.service.NoteSelect cannot be resolved
	The import priv.geekjoker.joy.blog.vo.Note cannot be resolved
	NoteSelect cannot be resolved to a type
	Note cannot be resolved to a type
	NoteSelect cannot be resolved to a type
	Note cannot be resolved to a type
	NoteSelect cannot be resolved to a type
	NoteSelect cannot be resolved to a type
	NoteSelect cannot be resolved to a type

	at org.springframework.beans.BeanUtils.instantiateClass(BeanUtils.java:216) ~[spring-beans-5.2.3.RELEASE.jar:5.2.3.RELEASE]
	at org.springframework.beans.factory.support.SimpleInstantiationStrategy.instantiate(SimpleInstantiationStrategy.java:87) ~[spring-beans-5.2.3.RELEASE.jar:5.2.3.RELEASE]
	at org.springframework.beans.factory.support.AbstractAutowireCapableBeanFactory.instantiateBean(AbstractAutowireCapableBeanFactory.java:1312) ~[spring-beans-5.2.3.RELEASE.jar:5.2.3.RELEASE]
	... 22 common frames omitted
Caused by: java.lang.Error: Unresolved compilation problems: 
	The import priv.geekjoker.joy.blog.service.NoteSelect cannot be resolved
	The import priv.geekjoker.joy.blog.vo.Note cannot be resolved
	NoteSelect cannot be resolved to a type
	Note cannot be resolved to a type
	NoteSelect cannot be resolved to a type
	Note cannot be resolved to a type
	NoteSelect cannot be resolved to a type
	NoteSelect cannot be resolved to a type
	NoteSelect cannot be resolved to a type

	at priv.geekjoker.joy.blog.controller.note.NoteSelectControl.<init>(NoteSelectControl.java:11) ~[classes/:na]
	at sun.reflect.NativeConstructorAccessorImpl.newInstance0(Native Method) ~[na:1.8.0_161]
	at sun.reflect.NativeConstructorAccessorImpl.newInstance(NativeConstructorAccessorImpl.java:62) ~[na:1.8.0_161]
	at sun.reflect.DelegatingConstructorAccessorImpl.newInstance(DelegatingConstructorAccessorImpl.java:45) ~[na:1.8.0_161]
	at java.lang.reflect.Constructor.newInstance(Constructor.java:423) ~[na:1.8.0_161]
	at org.springframework.beans.BeanUtils.instantiateClass(BeanUtils.java:203) ~[spring-beans-5.2.3.RELEASE.jar:5.2.3.RELEASE]
	... 24 common frames omitted

2020-03-31 19:00:41.547  INFO 19640 --- [restartedMain] p.geekjoker.joy.blog.JoyBlogApplication  : Starting JoyBlogApplication on DESKTOP-3HEVQ23 with PID 19640 (D:\zq\work-space\OwnDemoAndPractice\git-test\blog\target\classes started by 1 in D:\zq\work-space\OwnDemoAndPractice\git-test\blog)
2020-03-31 19:00:41.552 DEBUG 19640 --- [restartedMain] p.geekjoker.joy.blog.JoyBlogApplication  : Running with Spring Boot v2.2.4.RELEASE, Spring v5.2.3.RELEASE
2020-03-31 19:00:41.555  INFO 19640 --- [restartedMain] p.geekjoker.joy.blog.JoyBlogApplication  : No active profile set, falling back to default profiles: default
2020-03-31 19:00:41.713  INFO 19640 --- [restartedMain] .e.DevToolsPropertyDefaultsPostProcessor : Devtools property defaults active! Set 'spring.devtools.add-properties' to 'false' to disable
2020-03-31 19:00:41.716  INFO 19640 --- [restartedMain] .e.DevToolsPropertyDefaultsPostProcessor : For additional web related logging consider setting the 'logging.level.web' property to 'DEBUG'
2020-03-31 19:00:43.648  INFO 19640 --- [restartedMain] o.s.b.w.embedded.tomcat.TomcatWebServer  : Tomcat initialized with port(s): 8080 (http)
2020-03-31 19:00:43.663  INFO 19640 --- [restartedMain] o.apache.catalina.core.StandardService   : Starting service [Tomcat]
2020-03-31 19:00:43.664  INFO 19640 --- [restartedMain] org.apache.catalina.core.StandardEngine  : Starting Servlet engine: [Apache Tomcat/9.0.30]
2020-03-31 19:00:43.734  INFO 19640 --- [restartedMain] o.a.c.c.C.[Tomcat].[localhost].[/]       : Initializing Spring embedded WebApplicationContext
2020-03-31 19:00:43.735  INFO 19640 --- [restartedMain] o.s.web.context.ContextLoader            : Root WebApplicationContext: initialization completed in 2018 ms
2020-03-31 19:00:44.294  WARN 19640 --- [restartedMain] ConfigServletWebServerApplicationContext : Exception encountered during context initialization - cancelling refresh attempt: org.springframework.beans.factory.BeanCreationException: Error creating bean with name 'noteSelectControl' defined in file [D:\zq\work-space\OwnDemoAndPractice\git-test\blog\target\classes\priv\geekjoker\joy\blog\controller\note\NoteSelectControl.class]: Instantiation of bean failed; nested exception is org.springframework.beans.BeanInstantiationException: Failed to instantiate [priv.geekjoker.joy.blog.controller.note.NoteSelectControl]: Constructor threw exception; nested exception is java.lang.Error: Unresolved compilation problems: 
	The import priv.geekjoker.joy.blog.service.NoteSelect cannot be resolved
	The import priv.geekjoker.joy.blog.vo.Note cannot be resolved
	NoteSelect cannot be resolved to a type
	Note cannot be resolved to a type
	NoteSelect cannot be resolved to a type
	Note cannot be resolved to a type
	NoteSelect cannot be resolved to a type
	NoteSelect cannot be resolved to a type
	NoteSelect cannot be resolved to a type

2020-03-31 19:00:44.311  INFO 19640 --- [restartedMain] o.apache.catalina.core.StandardService   : Stopping service [Tomcat]
2020-03-31 19:00:44.328  INFO 19640 --- [restartedMain] ConditionEvaluationReportLoggingListener : 

Error starting ApplicationContext. To display the conditions report re-run your application with 'debug' enabled.
2020-03-31 19:00:44.344 ERROR 19640 --- [restartedMain] o.s.boot.SpringApplication               : Application run failed

org.springframework.beans.factory.BeanCreationException: Error creating bean with name 'noteSelectControl' defined in file [D:\zq\work-space\OwnDemoAndPractice\git-test\blog\target\classes\priv\geekjoker\joy\blog\controller\note\NoteSelectControl.class]: Instantiation of bean failed; nested exception is org.springframework.beans.BeanInstantiationException: Failed to instantiate [priv.geekjoker.joy.blog.controller.note.NoteSelectControl]: Constructor threw exception; nested exception is java.lang.Error: Unresolved compilation problems: 
	The import priv.geekjoker.joy.blog.service.NoteSelect cannot be resolved
	The import priv.geekjoker.joy.blog.vo.Note cannot be resolved
	NoteSelect cannot be resolved to a type
	Note cannot be resolved to a type
	NoteSelect cannot be resolved to a type
	Note cannot be resolved to a type
	NoteSelect cannot be resolved to a type
	NoteSelect cannot be resolved to a type
	NoteSelect cannot be resolved to a type

	at org.springframework.beans.factory.support.AbstractAutowireCapableBeanFactory.instantiateBean(AbstractAutowireCapableBeanFactory.java:1320) ~[spring-beans-5.2.3.RELEASE.jar:5.2.3.RELEASE]
	at org.springframework.beans.factory.support.AbstractAutowireCapableBeanFactory.createBeanInstance(AbstractAutowireCapableBeanFactory.java:1214) ~[spring-beans-5.2.3.RELEASE.jar:5.2.3.RELEASE]
	at org.springframework.beans.factory.support.AbstractAutowireCapableBeanFactory.doCreateBean(AbstractAutowireCapableBeanFactory.java:557) ~[spring-beans-5.2.3.RELEASE.jar:5.2.3.RELEASE]
	at org.springframework.beans.factory.support.AbstractAutowireCapableBeanFactory.createBean(AbstractAutowireCapableBeanFactory.java:517) ~[spring-beans-5.2.3.RELEASE.jar:5.2.3.RELEASE]
	at org.springframework.beans.factory.support.AbstractBeanFactory.lambda$doGetBean$0(AbstractBeanFactory.java:323) ~[spring-beans-5.2.3.RELEASE.jar:5.2.3.RELEASE]
	at org.springframework.beans.factory.support.DefaultSingletonBeanRegistry.getSingleton(DefaultSingletonBeanRegistry.java:222) ~[spring-beans-5.2.3.RELEASE.jar:5.2.3.RELEASE]
	at org.springframework.beans.factory.support.AbstractBeanFactory.doGetBean(AbstractBeanFactory.java:321) ~[spring-beans-5.2.3.RELEASE.jar:5.2.3.RELEASE]
	at org.springframework.beans.factory.support.AbstractBeanFactory.getBean(AbstractBeanFactory.java:202) ~[spring-beans-5.2.3.RELEASE.jar:5.2.3.RELEASE]
	at org.springframework.beans.factory.support.DefaultListableBeanFactory.preInstantiateSingletons(DefaultListableBeanFactory.java:879) ~[spring-beans-5.2.3.RELEASE.jar:5.2.3.RELEASE]
	at org.springframework.context.support.AbstractApplicationContext.finishBeanFactoryInitialization(AbstractApplicationContext.java:878) ~[spring-context-5.2.3.RELEASE.jar:5.2.3.RELEASE]
	at org.springframework.context.support.AbstractApplicationContext.refresh(AbstractApplicationContext.java:550) ~[spring-context-5.2.3.RELEASE.jar:5.2.3.RELEASE]
	at org.springframework.boot.web.servlet.context.ServletWebServerApplicationContext.refresh(ServletWebServerApplicationContext.java:141) ~[spring-boot-2.2.4.RELEASE.jar:2.2.4.RELEASE]
	at org.springframework.boot.SpringApplication.refresh(SpringApplication.java:747) [spring-boot-2.2.4.RELEASE.jar:2.2.4.RELEASE]
	at org.springframework.boot.SpringApplication.refreshContext(SpringApplication.java:397) [spring-boot-2.2.4.RELEASE.jar:2.2.4.RELEASE]
	at org.springframework.boot.SpringApplication.run(SpringApplication.java:315) [spring-boot-2.2.4.RELEASE.jar:2.2.4.RELEASE]
	at org.springframework.boot.SpringApplication.run(SpringApplication.java:1226) [spring-boot-2.2.4.RELEASE.jar:2.2.4.RELEASE]
	at org.springframework.boot.SpringApplication.run(SpringApplication.java:1215) [spring-boot-2.2.4.RELEASE.jar:2.2.4.RELEASE]
	at priv.geekjoker.joy.blog.JoyBlogApplication.main(JoyBlogApplication.java:17) [classes/:na]
	at sun.reflect.NativeMethodAccessorImpl.invoke0(Native Method) ~[na:1.8.0_161]
	at sun.reflect.NativeMethodAccessorImpl.invoke(NativeMethodAccessorImpl.java:62) ~[na:1.8.0_161]
	at sun.reflect.DelegatingMethodAccessorImpl.invoke(DelegatingMethodAccessorImpl.java:43) ~[na:1.8.0_161]
	at java.lang.reflect.Method.invoke(Method.java:498) ~[na:1.8.0_161]
	at org.springframework.boot.devtools.restart.RestartLauncher.run(RestartLauncher.java:49) [spring-boot-devtools-2.2.4.RELEASE.jar:2.2.4.RELEASE]
Caused by: org.springframework.beans.BeanInstantiationException: Failed to instantiate [priv.geekjoker.joy.blog.controller.note.NoteSelectControl]: Constructor threw exception; nested exception is java.lang.Error: Unresolved compilation problems: 
	The import priv.geekjoker.joy.blog.service.NoteSelect cannot be resolved
	The import priv.geekjoker.joy.blog.vo.Note cannot be resolved
	NoteSelect cannot be resolved to a type
	Note cannot be resolved to a type
	NoteSelect cannot be resolved to a type
	Note cannot be resolved to a type
	NoteSelect cannot be resolved to a type
	NoteSelect cannot be resolved to a type
	NoteSelect cannot be resolved to a type

	at org.springframework.beans.BeanUtils.instantiateClass(BeanUtils.java:216) ~[spring-beans-5.2.3.RELEASE.jar:5.2.3.RELEASE]
	at org.springframework.beans.factory.support.SimpleInstantiationStrategy.instantiate(SimpleInstantiationStrategy.java:87) ~[spring-beans-5.2.3.RELEASE.jar:5.2.3.RELEASE]
	at org.springframework.beans.factory.support.AbstractAutowireCapableBeanFactory.instantiateBean(AbstractAutowireCapableBeanFactory.java:1312) ~[spring-beans-5.2.3.RELEASE.jar:5.2.3.RELEASE]
	... 22 common frames omitted
Caused by: java.lang.Error: Unresolved compilation problems: 
	The import priv.geekjoker.joy.blog.service.NoteSelect cannot be resolved
	The import priv.geekjoker.joy.blog.vo.Note cannot be resolved
	NoteSelect cannot be resolved to a type
	Note cannot be resolved to a type
	NoteSelect cannot be resolved to a type
	Note cannot be resolved to a type
	NoteSelect cannot be resolved to a type
	NoteSelect cannot be resolved to a type
	NoteSelect cannot be resolved to a type

	at priv.geekjoker.joy.blog.controller.note.NoteSelectControl.<init>(NoteSelectControl.java:11) ~[classes/:na]
	at sun.reflect.NativeConstructorAccessorImpl.newInstance0(Native Method) ~[na:1.8.0_161]
	at sun.reflect.NativeConstructorAccessorImpl.newInstance(NativeConstructorAccessorImpl.java:62) ~[na:1.8.0_161]
	at sun.reflect.DelegatingConstructorAccessorImpl.newInstance(DelegatingConstructorAccessorImpl.java:45) ~[na:1.8.0_161]
	at java.lang.reflect.Constructor.newInstance(Constructor.java:423) ~[na:1.8.0_161]
	at org.springframework.beans.BeanUtils.instantiateClass(BeanUtils.java:203) ~[spring-beans-5.2.3.RELEASE.jar:5.2.3.RELEASE]
	... 24 common frames omitted

2020-03-31 19:01:24.368  INFO 14084 --- [main] p.g.joy.blog.JoyNoteApplicationTests     : Starting JoyNoteApplicationTests on DESKTOP-3HEVQ23 with PID 14084 (started by 1 in d:\zq\work-space\OwnDemoAndPractice\git-test\blog)
2020-03-31 19:01:24.370 DEBUG 14084 --- [main] p.g.joy.blog.JoyNoteApplicationTests     : Running with Spring Boot v2.2.4.RELEASE, Spring v5.2.3.RELEASE
2020-03-31 19:01:24.370  INFO 14084 --- [main] p.g.joy.blog.JoyNoteApplicationTests     : No active profile set, falling back to default profiles: default
2020-03-31 19:01:25.601 ERROR 14084 --- [main] o.s.boot.SpringApplication               : Application run failed

java.lang.IllegalStateException: Failed to introspect Class [priv.geekjoker.joy.blog.controller.note.NoteSelectControl] from ClassLoader [sun.misc.Launcher$AppClassLoader@232204a1]
	at org.springframework.util.ReflectionUtils.getDeclaredFields(ReflectionUtils.java:734) ~[spring-core-5.2.3.RELEASE.jar:5.2.3.RELEASE]
	at org.springframework.util.ReflectionUtils.doWithFields(ReflectionUtils.java:699) ~[spring-core-5.2.3.RELEASE.jar:5.2.3.RELEASE]
	at org.springframework.util.ReflectionUtils.doWithFields(ReflectionUtils.java:684) ~[spring-core-5.2.3.RELEASE.jar:5.2.3.RELEASE]
	at org.springframework.boot.test.mock.mockito.DefinitionsParser.parse(DefinitionsParser.java:64) ~[spring-boot-test-2.2.4.RELEASE.jar:2.2.4.RELEASE]
	at org.springframework.boot.test.mock.mockito.MockitoPostProcessor.postProcessBeanFactory(MockitoPostProcessor.java:134) ~[spring-boot-test-2.2.4.RELEASE.jar:2.2.4.RELEASE]
	at org.springframework.boot.test.mock.mockito.MockitoPostProcessor.postProcessBeanFactory(MockitoPostProcessor.java:127) ~[spring-boot-test-2.2.4.RELEASE.jar:2.2.4.RELEASE]
	at org.springframework.context.support.PostProcessorRegistrationDelegate.invokeBeanFactoryPostProcessors(PostProcessorRegistrationDelegate.java:286) ~[spring-context-5.2.3.RELEASE.jar:5.2.3.RELEASE]
	at org.springframework.context.support.PostProcessorRegistrationDelegate.invokeBeanFactoryPostProcessors(PostProcessorRegistrationDelegate.java:174) ~[spring-context-5.2.3.RELEASE.jar:5.2.3.RELEASE]
	at org.springframework.context.support.AbstractApplicationContext.invokeBeanFactoryPostProcessors(AbstractApplicationContext.java:706) ~[spring-context-5.2.3.RELEASE.jar:5.2.3.RELEASE]
	at org.springframework.context.support.AbstractApplicationContext.refresh(AbstractApplicationContext.java:532) ~[spring-context-5.2.3.RELEASE.jar:5.2.3.RELEASE]
	at org.springframework.boot.SpringApplication.refresh(SpringApplication.java:747) ~[spring-boot-2.2.4.RELEASE.jar:2.2.4.RELEASE]
	at org.springframework.boot.SpringApplication.refreshContext(SpringApplication.java:397) ~[spring-boot-2.2.4.RELEASE.jar:2.2.4.RELEASE]
	at org.springframework.boot.SpringApplication.run(SpringApplication.java:315) ~[spring-boot-2.2.4.RELEASE.jar:2.2.4.RELEASE]
	at org.springframework.boot.test.context.SpringBootContextLoader.loadContext(SpringBootContextLoader.java:126) [spring-boot-test-2.2.4.RELEASE.jar:2.2.4.RELEASE]
	at org.springframework.test.context.cache.DefaultCacheAwareContextLoaderDelegate.loadContextInternal(DefaultCacheAwareContextLoaderDelegate.java:99) [spring-test-5.2.3.RELEASE.jar:5.2.3.RELEASE]
	at org.springframework.test.context.cache.DefaultCacheAwareContextLoaderDelegate.loadContext(DefaultCacheAwareContextLoaderDelegate.java:124) [spring-test-5.2.3.RELEASE.jar:5.2.3.RELEASE]
	at org.springframework.test.context.support.DefaultTestContext.getApplicationContext(DefaultTestContext.java:123) [spring-test-5.2.3.RELEASE.jar:5.2.3.RELEASE]
	at org.springframework.test.context.web.ServletTestExecutionListener.setUpRequestContextIfNecessary(ServletTestExecutionListener.java:190) [spring-test-5.2.3.RELEASE.jar:5.2.3.RELEASE]
	at org.springframework.test.context.web.ServletTestExecutionListener.prepareTestInstance(ServletTestExecutionListener.java:132) [spring-test-5.2.3.RELEASE.jar:5.2.3.RELEASE]
	at org.springframework.test.context.TestContextManager.prepareTestInstance(TestContextManager.java:244) [spring-test-5.2.3.RELEASE.jar:5.2.3.RELEASE]
	at org.springframework.test.context.junit.jupiter.SpringExtension.postProcessTestInstance(SpringExtension.java:98) [spring-test-5.2.3.RELEASE.jar:5.2.3.RELEASE]
	at org.junit.jupiter.engine.descriptor.ClassBasedTestDescriptor.lambda$invokeTestInstancePostProcessors$5(ClassBasedTestDescriptor.java:337) [junit-jupiter-engine-5.5.2.jar:5.5.2]
	at org.junit.jupiter.engine.descriptor.ClassBasedTestDescriptor.executeAndMaskThrowable(ClassBasedTestDescriptor.java:342) [junit-jupiter-engine-5.5.2.jar:5.5.2]
	at org.junit.jupiter.engine.descriptor.ClassBasedTestDescriptor.lambda$invokeTestInstancePostProcessors$6(ClassBasedTestDescriptor.java:337) [junit-jupiter-engine-5.5.2.jar:5.5.2]
	at java.util.stream.ReferencePipeline$3$1.accept(ReferencePipeline.java:193) ~[na:1.8.0_161]
	at java.util.stream.ReferencePipeline$2$1.accept(ReferencePipeline.java:175) ~[na:1.8.0_161]
	at java.util.ArrayList$ArrayListSpliterator.forEachRemaining(ArrayList.java:1382) ~[na:1.8.0_161]
	at java.util.stream.AbstractPipeline.copyInto(AbstractPipeline.java:481) ~[na:1.8.0_161]
	at java.util.stream.AbstractPipeline.wrapAndCopyInto(AbstractPipeline.java:471) ~[na:1.8.0_161]
	at java.util.stream.StreamSpliterators$WrappingSpliterator.forEachRemaining(StreamSpliterators.java:312) ~[na:1.8.0_161]
	at java.util.stream.Streams$ConcatSpliterator.forEachRemaining(Streams.java:743) ~[na:1.8.0_161]
	at java.util.stream.Streams$ConcatSpliterator.forEachRemaining(Streams.java:742) ~[na:1.8.0_161]
	at java.util.stream.ReferencePipeline$Head.forEach(ReferencePipeline.java:580) ~[na:1.8.0_161]
	at org.junit.jupiter.engine.descriptor.ClassBasedTestDescriptor.invokeTestInstancePostProcessors(ClassBasedTestDescriptor.java:336) [junit-jupiter-engine-5.5.2.jar:5.5.2]
	at org.junit.jupiter.engine.descriptor.ClassBasedTestDescriptor.instantiateAndPostProcessTestInstance(ClassBasedTestDescriptor.java:259) [junit-jupiter-engine-5.5.2.jar:5.5.2]
	at org.junit.jupiter.engine.descriptor.ClassBasedTestDescriptor.lambda$testInstancesProvider$2(ClassBasedTestDescriptor.java:252) [junit-jupiter-engine-5.5.2.jar:5.5.2]
	at java.util.Optional.orElseGet(Optional.java:267) ~[na:1.8.0_161]
	at org.junit.jupiter.engine.descriptor.ClassBasedTestDescriptor.lambda$testInstancesProvider$3(ClassBasedTestDescriptor.java:251) [junit-jupiter-engine-5.5.2.jar:5.5.2]
	at org.junit.jupiter.engine.execution.TestInstancesProvider.getTestInstances(TestInstancesProvider.java:29) ~[junit-jupiter-engine-5.5.2.jar:5.5.2]
	at org.junit.jupiter.engine.descriptor.TestMethodTestDescriptor.lambda$prepare$0(TestMethodTestDescriptor.java:106) ~[junit-jupiter-engine-5.5.2.jar:5.5.2]
	at org.junit.platform.engine.support.hierarchical.ThrowableCollector.execute(ThrowableCollector.java:73) ~[junit-platform-engine-1.5.2.jar:1.5.2]
	at org.junit.jupiter.engine.descriptor.TestMethodTestDescriptor.prepare(TestMethodTestDescriptor.java:105) ~[junit-jupiter-engine-5.5.2.jar:5.5.2]
	at org.junit.jupiter.engine.descriptor.TestMethodTestDescriptor.prepare(TestMethodTestDescriptor.java:69) ~[junit-jupiter-engine-5.5.2.jar:5.5.2]
	at org.junit.platform.engine.support.hierarchical.NodeTestTask.lambda$prepare$1(NodeTestTask.java:107) ~[junit-platform-engine-1.5.2.jar:1.5.2]
	at org.junit.platform.engine.support.hierarchical.ThrowableCollector.execute(ThrowableCollector.java:73) ~[junit-platform-engine-1.5.2.jar:1.5.2]
	at org.junit.platform.engine.support.hierarchical.NodeTestTask.prepare(NodeTestTask.java:107) ~[junit-platform-engine-1.5.2.jar:1.5.2]
	at org.junit.platform.engine.support.hierarchical.NodeTestTask.execute(NodeTestTask.java:75) ~[junit-platform-engine-1.5.2.jar:1.5.2]
	at java.util.ArrayList.forEach(ArrayList.java:1257) ~[na:1.8.0_161]
	at org.junit.platform.engine.support.hierarchical.SameThreadHierarchicalTestExecutorService.invokeAll(SameThreadHierarchicalTestExecutorService.java:38) ~[junit-platform-engine-1.5.2.jar:1.5.2]
	at org.junit.platform.engine.support.hierarchical.NodeTestTask.lambda$executeRecursively$5(NodeTestTask.java:139) ~[junit-platform-engine-1.5.2.jar:1.5.2]
	at org.junit.platform.engine.support.hierarchical.ThrowableCollector.execute(ThrowableCollector.java:73) ~[junit-platform-engine-1.5.2.jar:1.5.2]
	at org.junit.platform.engine.support.hierarchical.NodeTestTask.lambda$executeRecursively$7(NodeTestTask.java:125) ~[junit-platform-engine-1.5.2.jar:1.5.2]
	at org.junit.platform.engine.support.hierarchical.Node.around(Node.java:135) ~[junit-platform-engine-1.5.2.jar:1.5.2]
	at org.junit.platform.engine.support.hierarchical.NodeTestTask.lambda$executeRecursively$8(NodeTestTask.java:123) ~[junit-platform-engine-1.5.2.jar:1.5.2]
	at org.junit.platform.engine.support.hierarchical.ThrowableCollector.execute(ThrowableCollector.java:73) ~[junit-platform-engine-1.5.2.jar:1.5.2]
	at org.junit.platform.engine.support.hierarchical.NodeTestTask.executeRecursively(NodeTestTask.java:122) ~[junit-platform-engine-1.5.2.jar:1.5.2]
	at org.junit.platform.engine.support.hierarchical.NodeTestTask.execute(NodeTestTask.java:80) ~[junit-platform-engine-1.5.2.jar:1.5.2]
	at java.util.ArrayList.forEach(ArrayList.java:1257) ~[na:1.8.0_161]
	at org.junit.platform.engine.support.hierarchical.SameThreadHierarchicalTestExecutorService.invokeAll(SameThreadHierarchicalTestExecutorService.java:38) ~[junit-platform-engine-1.5.2.jar:1.5.2]
	at org.junit.platform.engine.support.hierarchical.NodeTestTask.lambda$executeRecursively$5(NodeTestTask.java:139) ~[junit-platform-engine-1.5.2.jar:1.5.2]
	at org.junit.platform.engine.support.hierarchical.ThrowableCollector.execute(ThrowableCollector.java:73) ~[junit-platform-engine-1.5.2.jar:1.5.2]
	at org.junit.platform.engine.support.hierarchical.NodeTestTask.lambda$executeRecursively$7(NodeTestTask.java:125) ~[junit-platform-engine-1.5.2.jar:1.5.2]
	at org.junit.platform.engine.support.hierarchical.Node.around(Node.java:135) ~[junit-platform-engine-1.5.2.jar:1.5.2]
	at org.junit.platform.engine.support.hierarchical.NodeTestTask.lambda$executeRecursively$8(NodeTestTask.java:123) ~[junit-platform-engine-1.5.2.jar:1.5.2]
	at org.junit.platform.engine.support.hierarchical.ThrowableCollector.execute(ThrowableCollector.java:73) ~[junit-platform-engine-1.5.2.jar:1.5.2]
	at org.junit.platform.engine.support.hierarchical.NodeTestTask.executeRecursively(NodeTestTask.java:122) ~[junit-platform-engine-1.5.2.jar:1.5.2]
	at org.junit.platform.engine.support.hierarchical.NodeTestTask.execute(NodeTestTask.java:80) ~[junit-platform-engine-1.5.2.jar:1.5.2]
	at org.junit.platform.engine.support.hierarchical.SameThreadHierarchicalTestExecutorService.submit(SameThreadHierarchicalTestExecutorService.java:32) ~[junit-platform-engine-1.5.2.jar:1.5.2]
	at org.junit.platform.engine.support.hierarchical.HierarchicalTestExecutor.execute(HierarchicalTestExecutor.java:57) ~[junit-platform-engine-1.5.2.jar:1.5.2]
	at org.junit.platform.engine.support.hierarchical.HierarchicalTestEngine.execute(HierarchicalTestEngine.java:51) ~[junit-platform-engine-1.5.2.jar:1.5.2]
	at org.junit.platform.launcher.core.DefaultLauncher.execute(DefaultLauncher.java:220) ~[junit-platform-launcher-1.3.1.jar:1.3.1]
	at org.junit.platform.launcher.core.DefaultLauncher.lambda$execute$6(DefaultLauncher.java:188) ~[junit-platform-launcher-1.3.1.jar:1.3.1]
	at org.junit.platform.launcher.core.DefaultLauncher.withInterceptedStreams(DefaultLauncher.java:202) ~[junit-platform-launcher-1.3.1.jar:1.3.1]
	at org.junit.platform.launcher.core.DefaultLauncher.execute(DefaultLauncher.java:181) ~[junit-platform-launcher-1.3.1.jar:1.3.1]
	at org.junit.platform.launcher.core.DefaultLauncher.execute(DefaultLauncher.java:128) ~[junit-platform-launcher-1.3.1.jar:1.3.1]
	at org.apache.maven.surefire.junitplatform.JUnitPlatformProvider.invokeAllTests(JUnitPlatformProvider.java:150) ~[surefire-junit-platform-2.22.2.jar:2.22.2]
	at org.apache.maven.surefire.junitplatform.JUnitPlatformProvider.invoke(JUnitPlatformProvider.java:124) ~[surefire-junit-platform-2.22.2.jar:2.22.2]
	at org.apache.maven.surefire.booter.ForkedBooter.invokeProviderInSameClassLoader(ForkedBooter.java:384) ~[surefire-booter-2.22.2.jar:2.22.2]
	at org.apache.maven.surefire.booter.ForkedBooter.runSuitesInProcess(ForkedBooter.java:345) ~[surefire-booter-2.22.2.jar:2.22.2]
	at org.apache.maven.surefire.booter.ForkedBooter.execute(ForkedBooter.java:126) ~[surefire-booter-2.22.2.jar:2.22.2]
	at org.apache.maven.surefire.booter.ForkedBooter.main(ForkedBooter.java:418) ~[surefire-booter-2.22.2.jar:2.22.2]
Caused by: java.lang.NoClassDefFoundError: LNoteSelect;
	at java.lang.Class.getDeclaredFields0(Native Method) ~[na:1.8.0_161]
	at java.lang.Class.privateGetDeclaredFields(Class.java:2583) ~[na:1.8.0_161]
	at java.lang.Class.getDeclaredFields(Class.java:1916) ~[na:1.8.0_161]
	at org.springframework.util.ReflectionUtils.getDeclaredFields(ReflectionUtils.java:729) ~[spring-core-5.2.3.RELEASE.jar:5.2.3.RELEASE]
	... 80 common frames omitted
Caused by: java.lang.ClassNotFoundException: NoteSelect
	at java.net.URLClassLoader.findClass(URLClassLoader.java:381) ~[na:1.8.0_161]
	at java.lang.ClassLoader.loadClass(ClassLoader.java:424) ~[na:1.8.0_161]
	at sun.misc.Launcher$AppClassLoader.loadClass(Launcher.java:338) ~[na:1.8.0_161]
	at java.lang.ClassLoader.loadClass(ClassLoader.java:357) ~[na:1.8.0_161]
	... 84 common frames omitted

2020-03-31 19:01:25.610 ERROR 14084 --- [main] o.s.test.context.TestContextManager      : Caught exception while allowing TestExecutionListener [org.springframework.test.context.web.ServletTestExecutionListener@4b741d6d] to prepare test instance [priv.geekjoker.joy.blog.JoyNoteApplicationTests@16c3ca31]

java.lang.IllegalStateException: Failed to load ApplicationContext
	at org.springframework.test.context.cache.DefaultCacheAwareContextLoaderDelegate.loadContext(DefaultCacheAwareContextLoaderDelegate.java:132) ~[spring-test-5.2.3.RELEASE.jar:5.2.3.RELEASE]
	at org.springframework.test.context.support.DefaultTestContext.getApplicationContext(DefaultTestContext.java:123) ~[spring-test-5.2.3.RELEASE.jar:5.2.3.RELEASE]
	at org.springframework.test.context.web.ServletTestExecutionListener.setUpRequestContextIfNecessary(ServletTestExecutionListener.java:190) ~[spring-test-5.2.3.RELEASE.jar:5.2.3.RELEASE]
	at org.springframework.test.context.web.ServletTestExecutionListener.prepareTestInstance(ServletTestExecutionListener.java:132) ~[spring-test-5.2.3.RELEASE.jar:5.2.3.RELEASE]
	at org.springframework.test.context.TestContextManager.prepareTestInstance(TestContextManager.java:244) ~[spring-test-5.2.3.RELEASE.jar:5.2.3.RELEASE]
	at org.springframework.test.context.junit.jupiter.SpringExtension.postProcessTestInstance(SpringExtension.java:98) [spring-test-5.2.3.RELEASE.jar:5.2.3.RELEASE]
	at org.junit.jupiter.engine.descriptor.ClassBasedTestDescriptor.lambda$invokeTestInstancePostProcessors$5(ClassBasedTestDescriptor.java:337) [junit-jupiter-engine-5.5.2.jar:5.5.2]
	at org.junit.jupiter.engine.descriptor.ClassBasedTestDescriptor.executeAndMaskThrowable(ClassBasedTestDescriptor.java:342) [junit-jupiter-engine-5.5.2.jar:5.5.2]
	at org.junit.jupiter.engine.descriptor.ClassBasedTestDescriptor.lambda$invokeTestInstancePostProcessors$6(ClassBasedTestDescriptor.java:337) [junit-jupiter-engine-5.5.2.jar:5.5.2]
	at java.util.stream.ReferencePipeline$3$1.accept(ReferencePipeline.java:193) ~[na:1.8.0_161]
	at java.util.stream.ReferencePipeline$2$1.accept(ReferencePipeline.java:175) ~[na:1.8.0_161]
	at java.util.ArrayList$ArrayListSpliterator.forEachRemaining(ArrayList.java:1382) ~[na:1.8.0_161]
	at java.util.stream.AbstractPipeline.copyInto(AbstractPipeline.java:481) ~[na:1.8.0_161]
	at java.util.stream.AbstractPipeline.wrapAndCopyInto(AbstractPipeline.java:471) ~[na:1.8.0_161]
	at java.util.stream.StreamSpliterators$WrappingSpliterator.forEachRemaining(StreamSpliterators.java:312) ~[na:1.8.0_161]
	at java.util.stream.Streams$ConcatSpliterator.forEachRemaining(Streams.java:743) ~[na:1.8.0_161]
	at java.util.stream.Streams$ConcatSpliterator.forEachRemaining(Streams.java:742) ~[na:1.8.0_161]
	at java.util.stream.ReferencePipeline$Head.forEach(ReferencePipeline.java:580) ~[na:1.8.0_161]
	at org.junit.jupiter.engine.descriptor.ClassBasedTestDescriptor.invokeTestInstancePostProcessors(ClassBasedTestDescriptor.java:336) [junit-jupiter-engine-5.5.2.jar:5.5.2]
	at org.junit.jupiter.engine.descriptor.ClassBasedTestDescriptor.instantiateAndPostProcessTestInstance(ClassBasedTestDescriptor.java:259) [junit-jupiter-engine-5.5.2.jar:5.5.2]
	at org.junit.jupiter.engine.descriptor.ClassBasedTestDescriptor.lambda$testInstancesProvider$2(ClassBasedTestDescriptor.java:252) [junit-jupiter-engine-5.5.2.jar:5.5.2]
	at java.util.Optional.orElseGet(Optional.java:267) ~[na:1.8.0_161]
	at org.junit.jupiter.engine.descriptor.ClassBasedTestDescriptor.lambda$testInstancesProvider$3(ClassBasedTestDescriptor.java:251) [junit-jupiter-engine-5.5.2.jar:5.5.2]
	at org.junit.jupiter.engine.execution.TestInstancesProvider.getTestInstances(TestInstancesProvider.java:29) ~[junit-jupiter-engine-5.5.2.jar:5.5.2]
	at org.junit.jupiter.engine.descriptor.TestMethodTestDescriptor.lambda$prepare$0(TestMethodTestDescriptor.java:106) ~[junit-jupiter-engine-5.5.2.jar:5.5.2]
	at org.junit.platform.engine.support.hierarchical.ThrowableCollector.execute(ThrowableCollector.java:73) ~[junit-platform-engine-1.5.2.jar:1.5.2]
	at org.junit.jupiter.engine.descriptor.TestMethodTestDescriptor.prepare(TestMethodTestDescriptor.java:105) ~[junit-jupiter-engine-5.5.2.jar:5.5.2]
	at org.junit.jupiter.engine.descriptor.TestMethodTestDescriptor.prepare(TestMethodTestDescriptor.java:69) ~[junit-jupiter-engine-5.5.2.jar:5.5.2]
	at org.junit.platform.engine.support.hierarchical.NodeTestTask.lambda$prepare$1(NodeTestTask.java:107) ~[junit-platform-engine-1.5.2.jar:1.5.2]
	at org.junit.platform.engine.support.hierarchical.ThrowableCollector.execute(ThrowableCollector.java:73) ~[junit-platform-engine-1.5.2.jar:1.5.2]
	at org.junit.platform.engine.support.hierarchical.NodeTestTask.prepare(NodeTestTask.java:107) ~[junit-platform-engine-1.5.2.jar:1.5.2]
	at org.junit.platform.engine.support.hierarchical.NodeTestTask.execute(NodeTestTask.java:75) ~[junit-platform-engine-1.5.2.jar:1.5.2]
	at java.util.ArrayList.forEach(ArrayList.java:1257) ~[na:1.8.0_161]
	at org.junit.platform.engine.support.hierarchical.SameThreadHierarchicalTestExecutorService.invokeAll(SameThreadHierarchicalTestExecutorService.java:38) ~[junit-platform-engine-1.5.2.jar:1.5.2]
	at org.junit.platform.engine.support.hierarchical.NodeTestTask.lambda$executeRecursively$5(NodeTestTask.java:139) ~[junit-platform-engine-1.5.2.jar:1.5.2]
	at org.junit.platform.engine.support.hierarchical.ThrowableCollector.execute(ThrowableCollector.java:73) ~[junit-platform-engine-1.5.2.jar:1.5.2]
	at org.junit.platform.engine.support.hierarchical.NodeTestTask.lambda$executeRecursively$7(NodeTestTask.java:125) ~[junit-platform-engine-1.5.2.jar:1.5.2]
	at org.junit.platform.engine.support.hierarchical.Node.around(Node.java:135) ~[junit-platform-engine-1.5.2.jar:1.5.2]
	at org.junit.platform.engine.support.hierarchical.NodeTestTask.lambda$executeRecursively$8(NodeTestTask.java:123) ~[junit-platform-engine-1.5.2.jar:1.5.2]
	at org.junit.platform.engine.support.hierarchical.ThrowableCollector.execute(ThrowableCollector.java:73) ~[junit-platform-engine-1.5.2.jar:1.5.2]
	at org.junit.platform.engine.support.hierarchical.NodeTestTask.executeRecursively(NodeTestTask.java:122) ~[junit-platform-engine-1.5.2.jar:1.5.2]
	at org.junit.platform.engine.support.hierarchical.NodeTestTask.execute(NodeTestTask.java:80) ~[junit-platform-engine-1.5.2.jar:1.5.2]
	at java.util.ArrayList.forEach(ArrayList.java:1257) ~[na:1.8.0_161]
	at org.junit.platform.engine.support.hierarchical.SameThreadHierarchicalTestExecutorService.invokeAll(SameThreadHierarchicalTestExecutorService.java:38) ~[junit-platform-engine-1.5.2.jar:1.5.2]
	at org.junit.platform.engine.support.hierarchical.NodeTestTask.lambda$executeRecursively$5(NodeTestTask.java:139) ~[junit-platform-engine-1.5.2.jar:1.5.2]
	at org.junit.platform.engine.support.hierarchical.ThrowableCollector.execute(ThrowableCollector.java:73) ~[junit-platform-engine-1.5.2.jar:1.5.2]
	at org.junit.platform.engine.support.hierarchical.NodeTestTask.lambda$executeRecursively$7(NodeTestTask.java:125) ~[junit-platform-engine-1.5.2.jar:1.5.2]
	at org.junit.platform.engine.support.hierarchical.Node.around(Node.java:135) ~[junit-platform-engine-1.5.2.jar:1.5.2]
	at org.junit.platform.engine.support.hierarchical.NodeTestTask.lambda$executeRecursively$8(NodeTestTask.java:123) ~[junit-platform-engine-1.5.2.jar:1.5.2]
	at org.junit.platform.engine.support.hierarchical.ThrowableCollector.execute(ThrowableCollector.java:73) ~[junit-platform-engine-1.5.2.jar:1.5.2]
	at org.junit.platform.engine.support.hierarchical.NodeTestTask.executeRecursively(NodeTestTask.java:122) ~[junit-platform-engine-1.5.2.jar:1.5.2]
	at org.junit.platform.engine.support.hierarchical.NodeTestTask.execute(NodeTestTask.java:80) ~[junit-platform-engine-1.5.2.jar:1.5.2]
	at org.junit.platform.engine.support.hierarchical.SameThreadHierarchicalTestExecutorService.submit(SameThreadHierarchicalTestExecutorService.java:32) ~[junit-platform-engine-1.5.2.jar:1.5.2]
	at org.junit.platform.engine.support.hierarchical.HierarchicalTestExecutor.execute(HierarchicalTestExecutor.java:57) ~[junit-platform-engine-1.5.2.jar:1.5.2]
	at org.junit.platform.engine.support.hierarchical.HierarchicalTestEngine.execute(HierarchicalTestEngine.java:51) ~[junit-platform-engine-1.5.2.jar:1.5.2]
	at org.junit.platform.launcher.core.DefaultLauncher.execute(DefaultLauncher.java:220) ~[junit-platform-launcher-1.3.1.jar:1.3.1]
	at org.junit.platform.launcher.core.DefaultLauncher.lambda$execute$6(DefaultLauncher.java:188) ~[junit-platform-launcher-1.3.1.jar:1.3.1]
	at org.junit.platform.launcher.core.DefaultLauncher.withInterceptedStreams(DefaultLauncher.java:202) ~[junit-platform-launcher-1.3.1.jar:1.3.1]
	at org.junit.platform.launcher.core.DefaultLauncher.execute(DefaultLauncher.java:181) ~[junit-platform-launcher-1.3.1.jar:1.3.1]
	at org.junit.platform.launcher.core.DefaultLauncher.execute(DefaultLauncher.java:128) ~[junit-platform-launcher-1.3.1.jar:1.3.1]
	at org.apache.maven.surefire.junitplatform.JUnitPlatformProvider.invokeAllTests(JUnitPlatformProvider.java:150) ~[surefire-junit-platform-2.22.2.jar:2.22.2]
	at org.apache.maven.surefire.junitplatform.JUnitPlatformProvider.invoke(JUnitPlatformProvider.java:124) ~[surefire-junit-platform-2.22.2.jar:2.22.2]
	at org.apache.maven.surefire.booter.ForkedBooter.invokeProviderInSameClassLoader(ForkedBooter.java:384) ~[surefire-booter-2.22.2.jar:2.22.2]
	at org.apache.maven.surefire.booter.ForkedBooter.runSuitesInProcess(ForkedBooter.java:345) ~[surefire-booter-2.22.2.jar:2.22.2]
	at org.apache.maven.surefire.booter.ForkedBooter.execute(ForkedBooter.java:126) ~[surefire-booter-2.22.2.jar:2.22.2]
	at org.apache.maven.surefire.booter.ForkedBooter.main(ForkedBooter.java:418) ~[surefire-booter-2.22.2.jar:2.22.2]
Caused by: java.lang.IllegalStateException: Failed to introspect Class [priv.geekjoker.joy.blog.controller.note.NoteSelectControl] from ClassLoader [sun.misc.Launcher$AppClassLoader@232204a1]
	at org.springframework.util.ReflectionUtils.getDeclaredFields(ReflectionUtils.java:734) ~[spring-core-5.2.3.RELEASE.jar:5.2.3.RELEASE]
	at org.springframework.util.ReflectionUtils.doWithFields(ReflectionUtils.java:699) ~[spring-core-5.2.3.RELEASE.jar:5.2.3.RELEASE]
	at org.springframework.util.ReflectionUtils.doWithFields(ReflectionUtils.java:684) ~[spring-core-5.2.3.RELEASE.jar:5.2.3.RELEASE]
	at org.springframework.boot.test.mock.mockito.DefinitionsParser.parse(DefinitionsParser.java:64) ~[spring-boot-test-2.2.4.RELEASE.jar:2.2.4.RELEASE]
	at org.springframework.boot.test.mock.mockito.MockitoPostProcessor.postProcessBeanFactory(MockitoPostProcessor.java:134) ~[spring-boot-test-2.2.4.RELEASE.jar:2.2.4.RELEASE]
	at org.springframework.boot.test.mock.mockito.MockitoPostProcessor.postProcessBeanFactory(MockitoPostProcessor.java:127) ~[spring-boot-test-2.2.4.RELEASE.jar:2.2.4.RELEASE]
	at org.springframework.context.support.PostProcessorRegistrationDelegate.invokeBeanFactoryPostProcessors(PostProcessorRegistrationDelegate.java:286) ~[spring-context-5.2.3.RELEASE.jar:5.2.3.RELEASE]
	at org.springframework.context.support.PostProcessorRegistrationDelegate.invokeBeanFactoryPostProcessors(PostProcessorRegistrationDelegate.java:174) ~[spring-context-5.2.3.RELEASE.jar:5.2.3.RELEASE]
	at org.springframework.context.support.AbstractApplicationContext.invokeBeanFactoryPostProcessors(AbstractApplicationContext.java:706) ~[spring-context-5.2.3.RELEASE.jar:5.2.3.RELEASE]
	at org.springframework.context.support.AbstractApplicationContext.refresh(AbstractApplicationContext.java:532) ~[spring-context-5.2.3.RELEASE.jar:5.2.3.RELEASE]
	at org.springframework.boot.SpringApplication.refresh(SpringApplication.java:747) ~[spring-boot-2.2.4.RELEASE.jar:2.2.4.RELEASE]
	at org.springframework.boot.SpringApplication.refreshContext(SpringApplication.java:397) ~[spring-boot-2.2.4.RELEASE.jar:2.2.4.RELEASE]
	at org.springframework.boot.SpringApplication.run(SpringApplication.java:315) ~[spring-boot-2.2.4.RELEASE.jar:2.2.4.RELEASE]
	at org.springframework.boot.test.context.SpringBootContextLoader.loadContext(SpringBootContextLoader.java:126) ~[spring-boot-test-2.2.4.RELEASE.jar:2.2.4.RELEASE]
	at org.springframework.test.context.cache.DefaultCacheAwareContextLoaderDelegate.loadContextInternal(DefaultCacheAwareContextLoaderDelegate.java:99) ~[spring-test-5.2.3.RELEASE.jar:5.2.3.RELEASE]
	at org.springframework.test.context.cache.DefaultCacheAwareContextLoaderDelegate.loadContext(DefaultCacheAwareContextLoaderDelegate.java:124) ~[spring-test-5.2.3.RELEASE.jar:5.2.3.RELEASE]
	... 65 common frames omitted
Caused by: java.lang.NoClassDefFoundError: LNoteSelect;
	at java.lang.Class.getDeclaredFields0(Native Method) ~[na:1.8.0_161]
	at java.lang.Class.privateGetDeclaredFields(Class.java:2583) ~[na:1.8.0_161]
	at java.lang.Class.getDeclaredFields(Class.java:1916) ~[na:1.8.0_161]
	at org.springframework.util.ReflectionUtils.getDeclaredFields(ReflectionUtils.java:729) ~[spring-core-5.2.3.RELEASE.jar:5.2.3.RELEASE]
	... 80 common frames omitted
Caused by: java.lang.ClassNotFoundException: NoteSelect
	at java.net.URLClassLoader.findClass(URLClassLoader.java:381) ~[na:1.8.0_161]
	at java.lang.ClassLoader.loadClass(ClassLoader.java:424) ~[na:1.8.0_161]
	at sun.misc.Launcher$AppClassLoader.loadClass(Launcher.java:338) ~[na:1.8.0_161]
	at java.lang.ClassLoader.loadClass(ClassLoader.java:357) ~[na:1.8.0_161]
	... 84 common frames omitted

